 KPT  1  SPIN  1  KWEIGHT  1.00000000000000
     1   -29.648  2.00000
     2   -29.644  2.00000
     3   -29.643  2.00000
     4   -29.428  2.00000
     5   -29.428  2.00000
     6   -29.427  2.00000
     7   -29.384  2.00000
     8   -29.384  2.00000
     9   -29.384  2.00000
    10   -29.357  2.00000
    11   -29.357  2.00000
    12   -29.357  2.00000
    13   -29.160  2.00000
    14   -29.159  2.00000
    15   -29.159  2.00000
    16   -29.091  2.00000
    17   -29.086  2.00000
    18   -29.086  2.00000
    19   -29.072  2.00000
    20   -29.070  2.00000
    21   -29.070  2.00000
    22   -29.047  2.00000
    23   -29.047  2.00000
    24   -29.047  2.00000
    25   -28.943  2.00000
    26   -28.942  2.00000
    27   -28.941  2.00000
    28   -28.915  2.00000
    29   -28.915  2.00000
    30   -28.909  2.00000
    31   -28.887  2.00000
    32   -28.887  2.00000
    33   -28.887  2.00000
    34   -28.882  2.00000
    35   -28.882  2.00000
    36   -28.882  2.00000
    37   -15.733  2.00000
    38   -15.063  2.00000
    39   -15.063  2.00000
    40   -15.030  2.00000
    41   -14.699  2.00000
    42   -14.546  2.00000
    43   -14.546  2.00000
    44   -14.431  2.00000
    45   -14.308  2.00000
    46   -14.308  2.00000
    47   -13.672  2.00000
    48   -13.672  2.00000
    49   -13.661  2.00000
    50   -13.633  2.00000
    51   -13.624  2.00000
    52   -13.624  2.00000
    53   -13.088  2.00000
    54   -13.088  2.00000
    55   -13.052  2.00000
    56   -12.953  2.00000
    57   -12.953  2.00000
    58   -12.845  2.00000
    59   -12.554  2.00000
    60   -12.554  2.00000
    61   -12.520  2.00000
    62   -11.830  2.00000
    63   -11.690  2.00000
    64   -11.684  2.00000
    65   -11.684  2.00000
    66   -11.628  2.00000
    67   -11.628  2.00000
    68   -11.606  2.00000
    69   -11.418  2.00000
    70   -11.418  2.00000
    71   -11.407  2.00000
    72   -11.395  2.00000
    73   -11.395  2.00000
    74   -11.376  2.00000
    75   -11.334  2.00000
    76   -11.334  2.00000
    77   -11.318  2.00000
    78   -11.292  2.00000
    79   -11.292  2.00000
    80   -11.182  2.00000
    81   -11.182  2.00000
    82   -11.160  2.00000
    83   -11.114  2.00000
    84   -11.114  2.00000
    85   -11.103  2.00000
    86   -11.080  2.00000
    87   -11.060  2.00000
    88   -11.060  2.00000
    89   -11.014  2.00000
    90   -11.010  2.00000
    91   -11.010  2.00000
    92   -10.995  2.00000
    93   -10.944  2.00000
    94   -10.944  2.00000
    95   -10.938  2.00000
    96   -10.813  2.00000
    97   -10.813  2.00000
    98   -10.801  2.00000
    99   -10.720  2.00000
   100   -10.716  2.00000
   101   -10.716  2.00000
   102   -10.689  2.00000
   103   -10.689  2.00000
   104   -10.568  2.00000
   105   -10.327  2.00000
   106   -10.327  2.00000
   107   -10.272  2.00000
   108   -10.272  2.00000
   109   -10.272  2.00000
   110   -10.266  2.00000
   111   -10.266  2.00000
   112   -10.261  2.00000
   113   -10.248  2.00000
   114   -10.248  2.00000
   115   -10.194  2.00000
   116   -10.169  2.00000
   117   -10.101  2.00000
   118   -10.079  2.00000
   119   -10.079  2.00000
   120   -10.052  2.00000
   121   -10.046  2.00000
   122   -10.046  2.00000
   123    -9.970  2.00000
   124    -9.950  2.00000
   125    -9.950  2.00000
   126    -9.898  2.00000
   127    -9.898  2.00000
   128    -9.894  2.00000
   129    -9.852  2.00000
   130    -9.852  2.00000
   131    -9.852  2.00000
   132    -9.828  2.00000
   133    -9.828  2.00000
   134    -9.828  2.00000
   135    -9.816  2.00000
   136    -9.816  2.00000
   137    -9.813  2.00000
   138    -9.799  2.00000
   139    -9.799  2.00000
   140    -9.781  2.00000
   141    -9.774  2.00000
   142    -9.774  2.00000
   143    -9.761  2.00000
   144    -9.682  2.00000
   145    -9.679  2.00000
   146    -9.679  2.00000
   147    -9.637  2.00000
   148    -9.636  2.00000
   149    -9.636  2.00000
   150    -9.610  2.00000
   151    -9.610  2.00000
   152    -9.610  2.00000
   153    -9.559  2.00000
   154    -9.559  2.00000
   155    -9.559  2.00000
   156    -9.198  2.00000
   157    -9.198  2.00000
   158    -8.670  2.00000
   159    -8.645  2.00000
   160    -8.642  2.00000
   161    -8.642  2.00000
   162    -8.320  2.00000
   163    -8.112  2.00000
   164    -8.112  2.00000
   165    -7.837  2.00000
   166    -7.837  2.00000
   167    -7.665  2.00000
   168    -7.416  2.00000
   169    -7.416  2.00000
   170    -7.171  2.00000
   171    -7.171  2.00000
   172    -7.080  2.00000
   173    -7.080  2.00000
   174    -7.064  2.00000
   175    -6.995  2.00000
   176    -6.617  2.00000
   177    -6.617  2.00000
   178    -6.596  2.00000
   179    -3.725  0.00000
   180    -3.342  0.00000
   181    -2.993  0.00000
   182    -2.993  0.00000
   183    -2.882  0.00000
   184    -2.462  0.00000
   185    -2.461  0.00000
   186    -2.286  0.00000
   187    -2.286  0.00000
   188    -2.107  0.00000
   189    -1.658  0.00000
   190    -1.658  0.00000
   191    -1.547  0.00000
   192    -1.523  0.00000
   193    -1.523  0.00000
   194    -1.248  0.00000
   195    -0.930  0.00000
   196    -0.852  0.00000
   197    -0.852  0.00000
   198    -0.724  0.00000
   199    -0.724  0.00000
   200    -0.652  0.00000
   201    -0.184  0.00000
   202    -0.184  0.00000
   203    -0.020  0.00000
   204     0.030  0.00000
   205     0.030  0.00000
   206     0.085  0.00000
   207     0.411  0.00000
   208     0.412  0.00000
   209     0.585  0.00000
   210     0.646  0.00000
   211     0.774  0.00000
   212     0.774  0.00000
   213     6.081  0.00000
   214     6.082  0.00000
   215     6.179  0.00000
   216     6.769  0.00000
   217     6.920  0.00000
   218     6.921  0.00000
   219     7.678  0.00000
   220     7.679  0.00000
   221     7.769  0.00000
   222     7.848  0.00000
   223     7.848  0.00000
   224     7.866  0.00000
   225     7.990  0.00000
   226     8.028  0.00000
   227     8.029  0.00000
   228     8.153  0.00000
   229     8.154  0.00000
   230     8.154  0.00000
   231     8.381  0.00000
   232     8.382  0.00000
   233     8.429  0.00000
   234     9.048  0.00000
   235     9.049  0.00000
   236     9.067  0.00000
   237     9.198  0.00000
   238     9.198  0.00000
   239     9.230  0.00000
   240     9.488  0.00000
   241     9.489  0.00000
   242     9.771  0.00000
   243     9.802  0.00000
   244     9.804  0.00000
   245     9.804  0.00000
   246     9.936  0.00000
   247     9.937  0.00000
   248     9.971  0.00000
   249    12.872  0.00000
   250    12.872  0.00000
   251    12.872  0.00000
   252    12.872  0.00000
   253    12.872  0.00000
   254    12.872  0.00000
   255    12.872  0.00000
   256    12.872  0.00000
   257    12.872  0.00000
   258    12.872  0.00000
   259    12.872  0.00000
   260    12.872  0.00000
   261    12.872  0.00000
   262    12.872  0.00000
   263    12.872  0.00000
   264    12.907  0.00000
   265    12.907  0.00000
   266    12.907  0.00000
   267    12.907  0.00000
   268    12.907  0.00000
   269    12.907  0.00000
   270    12.907  0.00000
   271    12.907  0.00000
   272    12.907  0.00000
   273    12.907  0.00000
   274    12.907  0.00000
   275    12.907  0.00000
   276    12.907  0.00000
   277    12.907  0.00000
   278    12.907  0.00000
   279    12.948  0.00000
   280    12.948  0.00000
   281    12.948  0.00000
   282    12.948  0.00000
   283    12.948  0.00000
   284    12.974  0.00000
   285    12.974  0.00000
   286    12.974  0.00000
   287    12.974  0.00000
   288    12.974  0.00000
   289    13.013  0.00000
   290    13.013  0.00000
   291    13.013  0.00000
   292    13.013  0.00000
   293    13.013  0.00000
   294    13.013  0.00000
   295    13.013  0.00000
   296    13.013  0.00000
   297    13.013  0.00000
   298    13.013  0.00000
   299    13.013  0.00000
   300    13.013  0.00000
   301    13.013  0.00000
   302    13.013  0.00000
   303    13.013  0.00000
   304    13.025  0.00000
   305    13.025  0.00000
   306    13.025  0.00000
   307    13.025  0.00000
   308    13.025  0.00000
   309    13.025  0.00000
   310    13.025  0.00000
   311    13.025  0.00000
   312    13.025  0.00000
   313    13.025  0.00000
   314    13.025  0.00000
   315    13.025  0.00000
   316    13.025  0.00000
   317    13.025  0.00000
   318    13.025  0.00000
   319    13.302  0.00000
   320    13.302  0.00000
   321    13.302  0.00000
   322    13.302  0.00000
   323    13.302  0.00000
   324    13.302  0.00000
   325    13.302  0.00000
   326    13.302  0.00000
   327    13.302  0.00000
   328    13.302  0.00000
   329    13.302  0.00000
   330    13.302  0.00000
   331    13.302  0.00000
   332    13.302  0.00000
   333    13.302  0.00000
   334    13.349  0.00000
   335    13.349  0.00000
   336    13.349  0.00000
   337    13.349  0.00000
   338    13.349  0.00000
   339    13.349  0.00000
   340    13.349  0.00000
   341    13.349  0.00000
   342    13.349  0.00000
   343    13.349  0.00000
   344    13.349  0.00000
   345    13.349  0.00000
   346    13.349  0.00000
   347    13.349  0.00000
   348    13.349  0.00000
   349    13.380  0.00000
   350    13.380  0.00000
   351    13.380  0.00000
   352    13.380  0.00000
   353    13.380  0.00000
   354    13.380  0.00000
   355    13.380  0.00000
   356    13.380  0.00000
   357    13.380  0.00000
   358    13.380  0.00000
   359    13.380  0.00000
   360    13.380  0.00000
   361    13.380  0.00000
   362    13.380  0.00000
   363    13.380  0.00000
   364    13.733  0.00000
   365    13.733  0.00000
   366    13.733  0.00000
   367    13.733  0.00000
   368    13.733  0.00000
   369    13.733  0.00000
   370    13.733  0.00000
   371    13.733  0.00000
   372    13.733  0.00000
   373    13.733  0.00000
   374    13.734  0.00000
   375    13.734  0.00000
   376    13.734  0.00000
   377    13.734  0.00000
   378    13.734  0.00000
 
