 Fermi distribution function
 
Difference derivative step: 371
 

********************************************************************************
 iSCC Total electronic   Diff electronic      SCC error    
    3   -0.19302783E+03   -0.19892354E-09    0.66759452E-05
********************************************************************************
 
 Total charge:    -0.00000000

 Atomic gross charges (e)
 Atom           Charge
    1       0.90889005
    2       0.90881255
    3       0.90888622
    4      -0.05895184
    5       0.06162695
    6       0.06168663
    7       0.06162331
    8      -0.74996071
    9       0.29672281
   10       0.98328845
   11       0.98399237
   12       1.50130142
   13       0.22777570
   14      -0.55387622
   15       0.29671975
   16       0.98327233
   17       0.98399587
   18       1.50127078
   19       0.29674799
   20       0.98400871
   21       0.98328832
   22       1.50123454
   23       0.22778030
   24      -0.55386943
   25       0.22784718
   26      -0.55388843
   27      -0.33535946
   28      -0.34160482
   29      -0.33535782
   30      -0.34160354
   31      -0.33536179
   32      -0.34160717
   33      -0.29657922
   34      -0.29658635
   35      -0.29658147
   36      -0.28472066
   37      -0.34224288
   38      -0.34719787
   39      -0.33120981
   40      -0.35447563
   41      -0.42538051
   42      -0.40445455
   43      -0.39855832
   44      -0.27827570
   45      -0.28472674
   46      -0.34719636
   47      -0.34223517
   48      -0.35448007
   49      -0.33122097
   50      -0.42538934
   51      -0.40445559
   52      -0.39856030
   53      -0.28471981
   54      -0.33121687
   55      -0.35448110
   56      -0.34720378
   57      -0.34223845
   58      -0.39855737
   59      -0.42539986
   60      -0.40445322
   61      -0.27826955
   62      -0.27826349
 
Nr. of electrons (up):    356.00000000
Atom populations (up)
 Atom       Population
    1       3.09110995
    2       3.09118745
    3       3.09111378
    4       4.05895184
    5       3.93837305
    6       3.93831337
    7       3.93837669
    8       4.74996071
    9       3.70327719
   10       3.01671155
   11       3.01600763
   12       2.49869858
   13       3.77222430
   14       4.55387622
   15       3.70328025
   16       3.01672767
   17       3.01600413
   18       2.49872922
   19       3.70325201
   20       3.01599129
   21       3.01671168
   22       2.49876546
   23       3.77221970
   24       4.55386943
   25       3.77215282
   26       4.55388843
   27       7.33535946
   28       7.34160482
   29       7.33535782
   30       7.34160354
   31       7.33536179
   32       7.34160717
   33       7.29657922
   34       7.29658635
   35       7.29658147
   36       7.28472066
   37       7.34224288
   38       7.34719787
   39       7.33120981
   40       7.35447563
   41       7.42538051
   42       7.40445455
   43       7.39855832
   44       7.27827570
   45       7.28472674
   46       7.34719636
   47       7.34223517
   48       7.35448007
   49       7.33122097
   50       7.42538934
   51       7.40445559
   52       7.39856030
   53       7.28471981
   54       7.33121687
   55       7.35448110
   56       7.34720378
   57       7.34223845
   58       7.39855737
   59       7.42539986
   60       7.40445322
   61       7.27826955
   62       7.27826349
 
l-shell populations (up)
 Atom Sh.   l       Population
    1   1   0       1.16894352
    1   2   1       1.92216643
    1   3   2       0.00000000
    2   1   0       1.16899616
    2   2   1       1.92219128
    2   3   2       0.00000000
    3   1   0       1.16895498
    3   2   1       1.92215879
    3   3   2       0.00000000
    4   1   0       1.56466586
    4   2   1       2.49428597
    4   3   2       0.00000000
    5   1   0       1.44366775
    5   2   1       2.49470530
    5   3   2       0.00000000
    6   1   0       1.44364958
    6   2   1       2.49466379
    6   3   2       0.00000000
    7   1   0       1.44367065
    7   2   1       2.49470604
    7   3   2       0.00000000
    8   1   0       1.62531634
    8   2   1       3.12464436
    8   3   2       0.00000000
    9   1   0       1.41293605
    9   2   1       2.29034114
    9   3   2       0.00000000
   10   1   0       1.15123788
   10   2   1       1.86547367
   10   3   2       0.00000000
   11   1   0       1.15418494
   11   2   1       1.86182269
   11   3   2       0.00000000
   12   1   0       0.91358515
   12   2   1       1.58511344
   12   3   2       0.00000000
   13   1   0       1.42193132
   13   2   1       2.35029297
   13   3   2       0.00000000
   14   1   0       1.62980957
   14   2   1       2.92406665
   14   3   2       0.00000000
   15   1   0       1.41294232
   15   2   1       2.29033793
   15   3   2       0.00000000
   16   1   0       1.15124918
   16   2   1       1.86547849
   16   3   2       0.00000000
   17   1   0       1.15417761
   17   2   1       1.86182653
   17   3   2       0.00000000
   18   1   0       0.91361358
   18   2   1       1.58511564
   18   3   2       0.00000000
   19   1   0       1.41293067
   19   2   1       2.29032133
   19   3   2       0.00000000
   20   1   0       1.15417321
   20   2   1       1.86181808
   20   3   2       0.00000000
   21   1   0       1.15123965
   21   2   1       1.86547204
   21   3   2       0.00000000
   22   1   0       0.91364723
   22   2   1       1.58511823
   22   3   2       0.00000000
   23   1   0       1.42192262
   23   2   1       2.35029708
   23   3   2       0.00000000
   24   1   0       1.62980545
   24   2   1       2.92406397
   24   3   2       0.00000000
   25   1   0       1.42187178
   25   2   1       2.35028105
   25   3   2       0.00000000
   26   1   0       1.62981248
   26   2   1       2.92407595
   26   3   2       0.00000000
   27   1   0       1.89356107
   27   2   1       5.44179839
   28   1   0       1.89422943
   28   2   1       5.44737540
   29   1   0       1.89357109
   29   2   1       5.44178672
   30   1   0       1.89424262
   30   2   1       5.44736092
   31   1   0       1.89356566
   31   2   1       5.44179614
   32   1   0       1.89423411
   32   2   1       5.44737306
   33   1   0       1.89604259
   33   2   1       5.40053663
   34   1   0       1.89604384
   34   2   1       5.40054252
   35   1   0       1.89604535
   35   2   1       5.40053612
   36   1   0       1.89268862
   36   2   1       5.39203204
   37   1   0       1.89364546
   37   2   1       5.44859742
   38   1   0       1.89492216
   38   2   1       5.45227570
   39   1   0       1.89325939
   39   2   1       5.43795042
   40   1   0       1.89499606
   40   2   1       5.45947958
   41   1   0       1.89996417
   41   2   1       5.52541634
   42   1   0       1.89627688
   42   2   1       5.50817767
   43   1   0       1.89506861
   43   2   1       5.50348971
   44   1   0       1.89274525
   44   2   1       5.38553045
   45   1   0       1.89269502
   45   2   1       5.39203172
   46   1   0       1.89492325
   46   2   1       5.45227311
   47   1   0       1.89364564
   47   2   1       5.44858953
   48   1   0       1.89499575
   48   2   1       5.45948432
   49   1   0       1.89326139
   49   2   1       5.43795958
   50   1   0       1.89996893
   50   2   1       5.52542041
   51   1   0       1.89628413
   51   2   1       5.50817146
   52   1   0       1.89507824
   52   2   1       5.50348207
   53   1   0       1.89268400
   53   2   1       5.39203581
   54   1   0       1.89326059
   54   2   1       5.43795628
   55   1   0       1.89499599
   55   2   1       5.45948511
   56   1   0       1.89492514
   56   2   1       5.45227864
   57   1   0       1.89364593
   57   2   1       5.44859252
   58   1   0       1.89508170
   58   2   1       5.50347567
   59   1   0       1.89998305
   59   2   1       5.52541681
   60   1   0       1.89629066
   60   2   1       5.50816255
   61   1   0       1.89273885
   61   2   1       5.38553070
   62   1   0       1.89272878
   62   2   1       5.38553471
 
Orbital populations (up)
 Atom Sh.   l   m       Population  Label
    1   1   0   0       1.16894352  s
    1   2   1  -1       0.57864519  p_y
    1   2   1   0       0.74342753  p_z
    1   2   1   1       0.60009371  p_x
    1   3   2  -2       0.00000000  d_xy
    1   3   2  -1       0.00000000  d_yz
    1   3   2   0       0.00000000  d_z2
    1   3   2   1       0.00000000  d_xz
    1   3   2   2       0.00000000  d_x2-y2
    2   1   0   0       1.16899616  s
    2   2   1  -1       0.68698085  p_y
    2   2   1   0       0.69028144  p_z
    2   2   1   1       0.54492899  p_x
    2   3   2  -2       0.00000000  d_xy
    2   3   2  -1       0.00000000  d_yz
    2   3   2   0       0.00000000  d_z2
    2   3   2   1       0.00000000  d_xz
    2   3   2   2       0.00000000  d_x2-y2
    3   1   0   0       1.16895498  s
    3   2   1  -1       0.49043566  p_y
    3   2   1   0       0.71012919  p_z
    3   2   1   1       0.72159395  p_x
    3   3   2  -2       0.00000000  d_xy
    3   3   2  -1       0.00000000  d_yz
    3   3   2   0       0.00000000  d_z2
    3   3   2   1       0.00000000  d_xz
    3   3   2   2       0.00000000  d_x2-y2
    4   1   0   0       1.56466586  s
    4   2   1  -1       0.82493098  p_y
    4   2   1   0       0.84010445  p_z
    4   2   1   1       0.82925054  p_x
    4   3   2  -2       0.00000000  d_xy
    4   3   2  -1       0.00000000  d_yz
    4   3   2   0       0.00000000  d_z2
    4   3   2   1       0.00000000  d_xz
    4   3   2   2       0.00000000  d_x2-y2
    5   1   0   0       1.44366775  s
    5   2   1  -1       0.82403192  p_y
    5   2   1   0       0.80334691  p_z
    5   2   1   1       0.86732647  p_x
    5   3   2  -2       0.00000000  d_xy
    5   3   2  -1       0.00000000  d_yz
    5   3   2   0       0.00000000  d_z2
    5   3   2   1       0.00000000  d_xz
    5   3   2   2       0.00000000  d_x2-y2
    6   1   0   0       1.44364958  s
    6   2   1  -1       0.67438735  p_y
    6   2   1   0       0.88681888  p_z
    6   2   1   1       0.93345756  p_x
    6   3   2  -2       0.00000000  d_xy
    6   3   2  -1       0.00000000  d_yz
    6   3   2   0       0.00000000  d_z2
    6   3   2   1       0.00000000  d_xz
    6   3   2   2       0.00000000  d_x2-y2
    7   1   0   0       1.44367065  s
    7   2   1  -1       0.88953159  p_y
    7   2   1   0       0.94697432  p_z
    7   2   1   1       0.65820013  p_x
    7   3   2  -2       0.00000000  d_xy
    7   3   2  -1       0.00000000  d_yz
    7   3   2   0       0.00000000  d_z2
    7   3   2   1       0.00000000  d_xz
    7   3   2   2       0.00000000  d_x2-y2
    8   1   0   0       1.62531634  s
    8   2   1  -1       1.12977033  p_y
    8   2   1   0       0.92382105  p_z
    8   2   1   1       1.07105298  p_x
    8   3   2  -2       0.00000000  d_xy
    8   3   2  -1       0.00000000  d_yz
    8   3   2   0       0.00000000  d_z2
    8   3   2   1       0.00000000  d_xz
    8   3   2   2       0.00000000  d_x2-y2
    9   1   0   0       1.41293605  s
    9   2   1  -1       0.82448332  p_y
    9   2   1   0       0.82208442  p_z
    9   2   1   1       0.64377340  p_x
    9   3   2  -2       0.00000000  d_xy
    9   3   2  -1       0.00000000  d_yz
    9   3   2   0       0.00000000  d_z2
    9   3   2   1       0.00000000  d_xz
    9   3   2   2       0.00000000  d_x2-y2
   10   1   0   0       1.15123788  s
   10   2   1  -1       0.60875221  p_y
   10   2   1   0       0.55333880  p_z
   10   2   1   1       0.70338266  p_x
   10   3   2  -2       0.00000000  d_xy
   10   3   2  -1       0.00000000  d_yz
   10   3   2   0       0.00000000  d_z2
   10   3   2   1       0.00000000  d_xz
   10   3   2   2       0.00000000  d_x2-y2
   11   1   0   0       1.15418494  s
   11   2   1  -1       0.67899578  p_y
   11   2   1   0       0.50428129  p_z
   11   2   1   1       0.67854561  p_x
   11   3   2  -2       0.00000000  d_xy
   11   3   2  -1       0.00000000  d_yz
   11   3   2   0       0.00000000  d_z2
   11   3   2   1       0.00000000  d_xz
   11   3   2   2       0.00000000  d_x2-y2
   12   1   0   0       0.91358515  s
   12   2   1  -1       0.54157300  p_y
   12   2   1   0       0.45646109  p_z
   12   2   1   1       0.58707935  p_x
   12   3   2  -2       0.00000000  d_xy
   12   3   2  -1       0.00000000  d_yz
   12   3   2   0       0.00000000  d_z2
   12   3   2   1       0.00000000  d_xz
   12   3   2   2       0.00000000  d_x2-y2
   13   1   0   0       1.42193132  s
   13   2   1  -1       0.85310425  p_y
   13   2   1   0       0.65761988  p_z
   13   2   1   1       0.83956884  p_x
   13   3   2  -2       0.00000000  d_xy
   13   3   2  -1       0.00000000  d_yz
   13   3   2   0       0.00000000  d_z2
   13   3   2   1       0.00000000  d_xz
   13   3   2   2       0.00000000  d_x2-y2
   14   1   0   0       1.62980957  s
   14   2   1  -1       1.01571708  p_y
   14   2   1   0       1.01171135  p_z
   14   2   1   1       0.89663821  p_x
   14   3   2  -2       0.00000000  d_xy
   14   3   2  -1       0.00000000  d_yz
   14   3   2   0       0.00000000  d_z2
   14   3   2   1       0.00000000  d_xz
   14   3   2   2       0.00000000  d_x2-y2
   15   1   0   0       1.41294232  s
   15   2   1  -1       0.78437211  p_y
   15   2   1   0       0.72331674  p_z
   15   2   1   1       0.78264908  p_x
   15   3   2  -2       0.00000000  d_xy
   15   3   2  -1       0.00000000  d_yz
   15   3   2   0       0.00000000  d_z2
   15   3   2   1       0.00000000  d_xz
   15   3   2   2       0.00000000  d_x2-y2
   16   1   0   0       1.15124918  s
   16   2   1  -1       0.70106691  p_y
   16   2   1   0       0.62317651  p_z
   16   2   1   1       0.54123506  p_x
   16   3   2  -2       0.00000000  d_xy
   16   3   2  -1       0.00000000  d_yz
   16   3   2   0       0.00000000  d_z2
   16   3   2   1       0.00000000  d_xz
   16   3   2   2       0.00000000  d_x2-y2
   17   1   0   0       1.15417761  s
   17   2   1  -1       0.67248288  p_y
   17   2   1   0       0.52108257  p_z
   17   2   1   1       0.66826108  p_x
   17   3   2  -2       0.00000000  d_xy
   17   3   2  -1       0.00000000  d_yz
   17   3   2   0       0.00000000  d_z2
   17   3   2   1       0.00000000  d_xz
   17   3   2   2       0.00000000  d_x2-y2
   18   1   0   0       0.91361358  s
   18   2   1  -1       0.48073588  p_y
   18   2   1   0       0.56739886  p_z
   18   2   1   1       0.53698090  p_x
   18   3   2  -2       0.00000000  d_xy
   18   3   2  -1       0.00000000  d_yz
   18   3   2   0       0.00000000  d_z2
   18   3   2   1       0.00000000  d_xz
   18   3   2   2       0.00000000  d_x2-y2
   19   1   0   0       1.41293067  s
   19   2   1  -1       0.64644682  p_y
   19   2   1   0       0.79173264  p_z
   19   2   1   1       0.85214187  p_x
   19   3   2  -2       0.00000000  d_xy
   19   3   2  -1       0.00000000  d_yz
   19   3   2   0       0.00000000  d_z2
   19   3   2   1       0.00000000  d_xz
   19   3   2   2       0.00000000  d_x2-y2
   20   1   0   0       1.15417321  s
   20   2   1  -1       0.73364079  p_y
   20   2   1   0       0.53852614  p_z
   20   2   1   1       0.58965115  p_x
   20   3   2  -2       0.00000000  d_xy
   20   3   2  -1       0.00000000  d_yz
   20   3   2   0       0.00000000  d_z2
   20   3   2   1       0.00000000  d_xz
   20   3   2   2       0.00000000  d_x2-y2
   21   1   0   0       1.15123965  s
   21   2   1  -1       0.70147551  p_y
   21   2   1   0       0.49442713  p_z
   21   2   1   1       0.66956939  p_x
   21   3   2  -2       0.00000000  d_xy
   21   3   2  -1       0.00000000  d_yz
   21   3   2   0       0.00000000  d_z2
   21   3   2   1       0.00000000  d_xz
   21   3   2   2       0.00000000  d_x2-y2
   22   1   0   0       0.91364723  s
   22   2   1  -1       0.63002302  p_y
   22   2   1   0       0.47157059  p_z
   22   2   1   1       0.48352462  p_x
   22   3   2  -2       0.00000000  d_xy
   22   3   2  -1       0.00000000  d_yz
   22   3   2   0       0.00000000  d_z2
   22   3   2   1       0.00000000  d_xz
   22   3   2   2       0.00000000  d_x2-y2
   23   1   0   0       1.42192262  s
   23   2   1  -1       0.86387314  p_y
   23   2   1   0       0.68773122  p_z
   23   2   1   1       0.79869272  p_x
   23   3   2  -2       0.00000000  d_xy
   23   3   2  -1       0.00000000  d_yz
   23   3   2   0       0.00000000  d_z2
   23   3   2   1       0.00000000  d_xz
   23   3   2   2       0.00000000  d_x2-y2
   24   1   0   0       1.62980545  s
   24   2   1  -1       0.98747936  p_y
   24   2   1   0       0.94388923  p_z
   24   2   1   1       0.99269538  p_x
   24   3   2  -2       0.00000000  d_xy
   24   3   2  -1       0.00000000  d_yz
   24   3   2   0       0.00000000  d_z2
   24   3   2   1       0.00000000  d_xz
   24   3   2   2       0.00000000  d_x2-y2
   25   1   0   0       1.42187178  s
   25   2   1  -1       0.88714252  p_y
   25   2   1   0       0.66631435  p_z
   25   2   1   1       0.79682417  p_x
   25   3   2  -2       0.00000000  d_xy
   25   3   2  -1       0.00000000  d_yz
   25   3   2   0       0.00000000  d_z2
   25   3   2   1       0.00000000  d_xz
   25   3   2   2       0.00000000  d_x2-y2
   26   1   0   0       1.62981248  s
   26   2   1  -1       0.91546673  p_y
   26   2   1   0       0.97572405  p_z
   26   2   1   1       1.03288516  p_x
   26   3   2  -2       0.00000000  d_xy
   26   3   2  -1       0.00000000  d_yz
   26   3   2   0       0.00000000  d_z2
   26   3   2   1       0.00000000  d_xz
   26   3   2   2       0.00000000  d_x2-y2
   27   1   0   0       1.89356107  s
   27   2   1  -1       1.93319303  p_y
   27   2   1   0       1.92111255  p_z
   27   2   1   1       1.58749282  p_x
   28   1   0   0       1.89422943  s
   28   2   1  -1       1.62647221  p_y
   28   2   1   0       1.86821221  p_z
   28   2   1   1       1.95269098  p_x
   29   1   0   0       1.89357109  s
   29   2   1  -1       1.75811405  p_y
   29   2   1   0       1.77801635  p_z
   29   2   1   1       1.90565633  p_x
   30   1   0   0       1.89424262  s
   30   2   1  -1       1.89936158  p_y
   30   2   1   0       1.92776761  p_z
   30   2   1   1       1.62023174  p_x
   31   1   0   0       1.89356566  s
   31   2   1  -1       1.67262598  p_y
   31   2   1   0       1.84656544  p_z
   31   2   1   1       1.92260472  p_x
   32   1   0   0       1.89423411  s
   32   2   1  -1       1.81229082  p_y
   32   2   1   0       1.79716172  p_z
   32   2   1   1       1.83792051  p_x
   33   1   0   0       1.89604259  s
   33   2   1  -1       1.79921516  p_y
   33   2   1   0       1.75906172  p_z
   33   2   1   1       1.84225975  p_x
   34   1   0   0       1.89604384  s
   34   2   1  -1       1.60718159  p_y
   34   2   1   0       1.86725626  p_z
   34   2   1   1       1.92610468  p_x
   35   1   0   0       1.89604535  s
   35   2   1  -1       1.88177406  p_y
   35   2   1   0       1.92415740  p_z
   35   2   1   1       1.59460466  p_x
   36   1   0   0       1.89268862  s
   36   2   1  -1       1.86979878  p_y
   36   2   1   0       1.90047218  p_z
   36   2   1   1       1.62176108  p_x
   37   1   0   0       1.89364546  s
   37   2   1  -1       1.61977194  p_y
   37   2   1   0       1.89925670  p_z
   37   2   1   1       1.92956877  p_x
   38   1   0   0       1.89492216  s
   38   2   1  -1       1.94444528  p_y
   38   2   1   0       1.68701337  p_z
   38   2   1   1       1.82081706  p_x
   39   1   0   0       1.89325939  s
   39   2   1  -1       1.89593585  p_y
   39   2   1   0       1.84263651  p_z
   39   2   1   1       1.69937806  p_x
   40   1   0   0       1.89499606  s
   40   2   1  -1       1.84496185  p_y
   40   2   1   0       1.68448239  p_z
   40   2   1   1       1.93003534  p_x
   41   1   0   0       1.89996417  s
   41   2   1  -1       1.95223089  p_y
   41   2   1   0       1.65775335  p_z
   41   2   1   1       1.91543209  p_x
   42   1   0   0       1.89627688  s
   42   2   1  -1       1.91147663  p_y
   42   2   1   0       1.85532841  p_z
   42   2   1   1       1.74137262  p_x
   43   1   0   0       1.89506861  s
   43   2   1  -1       1.65813999  p_y
   43   2   1   0       1.91892479  p_z
   43   2   1   1       1.92642493  p_x
   44   1   0   0       1.89274525  s
   44   2   1  -1       1.91186503  p_y
   44   2   1   0       1.64568666  p_z
   44   2   1   1       1.82797876  p_x
   45   1   0   0       1.89269502  s
   45   2   1  -1       1.79784097  p_y
   45   2   1   0       1.78998788  p_z
   45   2   1   1       1.80420287  p_x
   46   1   0   0       1.89492325  s
   46   2   1  -1       1.92166505  p_y
   46   2   1   0       1.62361633  p_z
   46   2   1   1       1.90699173  p_x
   47   1   0   0       1.89364564  s
   47   2   1  -1       1.87628019  p_y
   47   2   1   0       1.94095366  p_z
   47   2   1   1       1.63135569  p_x
   48   1   0   0       1.89499575  s
   48   2   1  -1       1.74950544  p_y
   48   2   1   0       1.80447038  p_z
   48   2   1   1       1.90550850  p_x
   49   1   0   0       1.89326139  s
   49   2   1  -1       1.83597836  p_y
   49   2   1   0       1.74310206  p_z
   49   2   1   1       1.85887915  p_x
   50   1   0   0       1.89996893  s
   50   2   1  -1       1.85463004  p_y
   50   2   1   0       1.90183647  p_z
   50   2   1   1       1.76895390  p_x
   51   1   0   0       1.89628413  s
   51   2   1  -1       1.85447042  p_y
   51   2   1   0       1.78342122  p_z
   51   2   1   1       1.87027982  p_x
   52   1   0   0       1.89507824  s
   52   2   1  -1       1.74750824  p_y
   52   2   1   0       1.86821122  p_z
   52   2   1   1       1.88776261  p_x
   53   1   0   0       1.89268400  s
   53   2   1  -1       1.58932717  p_y
   53   2   1   0       1.88182223  p_z
   53   2   1   1       1.92088641  p_x
   54   1   0   0       1.89326059  s
   54   2   1  -1       1.89829455  p_y
   54   2   1   0       1.59570339  p_z
   54   2   1   1       1.94395834  p_x
   55   1   0   0       1.89499599  s
   55   2   1  -1       1.89403896  p_y
   55   2   1   0       1.93180427  p_z
   55   2   1   1       1.63364188  p_x
   56   1   0   0       1.89492514  s
   56   2   1  -1       1.92885015  p_y
   56   2   1   0       1.68442965  p_z
   56   2   1   1       1.83899884  p_x
   57   1   0   0       1.89364593  s
   57   2   1  -1       1.79462801  p_y
   57   2   1   0       1.81909055  p_z
   57   2   1   1       1.83487396  p_x
   58   1   0   0       1.89508170  s
   58   2   1  -1       1.93378824  p_y
   58   2   1   0       1.93525668  p_z
   58   2   1   1       1.63443075  p_x
   59   1   0   0       1.89998305  s
   59   2   1  -1       1.77784361  p_y
   59   2   1   0       1.88672992  p_z
   59   2   1   1       1.86084328  p_x
   60   1   0   0       1.89629066  s
   60   2   1  -1       1.93115182  p_y
   60   2   1   0       1.61730278  p_z
   60   2   1   1       1.95970796  p_x
   61   1   0   0       1.89273885  s
   61   2   1  -1       1.91700286  p_y
   61   2   1   0       1.62177412  p_z
   61   2   1   1       1.84675372  p_x
   62   1   0   0       1.89272878  s
   62   2   1  -1       1.92224504  p_y
   62   2   1   0       1.63031088  p_z
   62   2   1   1       1.83297879  p_x
 
Fermi level:                        -0.1896487739 H           -5.1606 eV
Band energy:                      -188.0546554610 H        -5117.2275 eV
TS:                                  0.0000000000 H            0.0000 eV
Band free energy (E-TS):          -188.0546554610 H        -5117.2275 eV
Extrapolated E(0K):               -188.0546554610 H        -5117.2275 eV
Input / Output electrons (q):    356.0000000000    356.0000000000
 
Energy H0:                        -193.6306400890 H        -5268.9578 eV
Energy SCC:                          0.6028122228 H           16.4034 eV
Total Electronic energy:          -193.0278278662 H        -5252.5544 eV
Repulsive energy:                    0.2012140844 H            5.4753 eV
Dispersion energy:                   0.3301039899 H            8.9826 eV
Total energy:                     -192.4965097919 H        -5238.0965 eV
Extrapolated to 0:                -192.4965097919 H        -5238.0965 eV
Total Mermin free energy:         -192.4965097919 H        -5238.0965 eV
Force related energy:             -192.4965097919 H        -5238.0965 eV
 
SCC converged
 
Dipole moment:    0.95888190    0.02762034    1.79543883 au
Dipole moment:    2.43723487    0.07020390    4.56355067 Debye
 
Second derivatives completed
 
