 KPT  1  SPIN  1  KWEIGHT  1.00000000000000
     1   -14.613  2.00000
     2   -14.061  2.00000
     3   -14.061  2.00000
     4   -13.956  2.00000
     5   -13.656  2.00000
     6   -13.427  2.00000
     7   -13.427  2.00000
     8   -13.341  2.00000
     9   -13.211  2.00000
    10   -13.211  2.00000
    11   -12.525  2.00000
    12   -12.525  2.00000
    13   -12.456  2.00000
    14   -12.390  2.00000
    15   -12.377  2.00000
    16   -12.377  2.00000
    17   -11.370  2.00000
    18   -11.370  2.00000
    19   -11.291  2.00000
    20   -11.127  2.00000
    21   -11.127  2.00000
    22   -10.859  2.00000
    23   -10.425  2.00000
    24   -10.395  2.00000
    25   -10.395  2.00000
    26    -9.336  2.00000
    27    -8.393  2.00000
    28    -8.393  2.00000
    29    -8.300  2.00000
    30    -8.240  2.00000
    31    -8.240  2.00000
    32    -8.201  2.00000
    33    -8.118  2.00000
    34    -8.083  2.00000
    35    -8.083  2.00000
    36    -7.994  2.00000
    37    -7.976  2.00000
    38    -7.976  2.00000
    39    -7.920  2.00000
    40    -7.828  2.00000
    41    -7.772  2.00000
    42    -7.772  2.00000
    43    -7.631  2.00000
    44    -7.631  2.00000
    45    -7.595  2.00000
    46    -7.595  2.00000
    47    -7.479  2.00000
    48    -7.366  2.00000
    49    -7.366  2.00000
    50    -7.313  2.00000
    51    -7.262  2.00000
    52    -7.152  2.00000
    53    -7.152  2.00000
    54    -7.095  2.00000
    55    -7.009  2.00000
    56    -7.009  2.00000
    57    -6.885  2.00000
    58    -6.885  2.00000
    59    -6.795  2.00000
    60    -6.754  2.00000
    61    -6.655  2.00000
    62    -6.655  2.00000
    63    -6.533  2.00000
    64    -6.533  2.00000
    65    -6.428  2.00000
    66    -6.428  2.00000
    67    -6.401  2.00000
    68    -6.276  2.00000
    69    -6.159  2.00000
    70    -6.159  2.00000
    71    -2.244  0.00000
    72    -1.567  0.00000
    73    -1.567  0.00000
    74    -1.511  0.00000
    75    -1.473  0.00000
    76    -1.042  0.00000
    77    -1.042  0.00000
    78    -0.966  0.00000
    79    -0.935  0.00000
    80    -0.935  0.00000
    81    -0.601  0.00000
    82    -0.601  0.00000
    83    -0.555  0.00000
    84    -0.445  0.00000
    85    -0.445  0.00000
    86    -0.215  0.00000
    87    -0.161  0.00000
    88    -0.161  0.00000
    89    -0.099  0.00000
    90     0.008  0.00000
    91     0.009  0.00000
    92     0.018  0.00000
    93     0.266  0.00000
    94     0.266  0.00000
    95     0.301  0.00000
    96     0.387  0.00000
    97     0.672  0.00000
    98     0.672  0.00000
    99     0.880  0.00000
   100     0.880  0.00000
   101     1.036  0.00000
   102     1.117  0.00000
   103     1.117  0.00000
   104     1.270  0.00000
   105     1.569  0.00000
   106     1.569  0.00000
   107     1.746  0.00000
   108     1.906  0.00000
   109     1.970  0.00000
   110     1.970  0.00000
   111     2.010  0.00000
   112     2.010  0.00000
   113     2.121  0.00000
   114     2.254  0.00000
   115     2.254  0.00000
   116     2.433  0.00000
   117     2.468  0.00000
   118     2.468  0.00000
   119     2.532  0.00000
   120     2.594  0.00000
   121     2.594  0.00000
   122     2.897  0.00000
   123     2.897  0.00000
   124     2.978  0.00000
   125     2.984  0.00000
   126     3.003  0.00000
   127     3.003  0.00000
   128     3.112  0.00000
   129     3.112  0.00000
   130     3.132  0.00000
   131     3.184  0.00000
   132     3.327  0.00000
   133     3.327  0.00000
   134     3.430  0.00000
   135     3.490  0.00000
   136     3.591  0.00000
   137     3.592  0.00000
   138     3.861  0.00000
   139     3.861  0.00000
   140     3.909  0.00000
   141    14.413  0.00000
   142    14.413  0.00000
   143    14.413  0.00000
   144    14.413  0.00000
   145    14.413  0.00000
   146    14.438  0.00000
   147    14.438  0.00000
   148    14.438  0.00000
   149    14.438  0.00000
   150    14.438  0.00000
   151    14.438  0.00000
   152    14.438  0.00000
   153    14.438  0.00000
   154    14.438  0.00000
   155    14.438  0.00000
   156    14.438  0.00000
   157    14.438  0.00000
   158    14.438  0.00000
   159    14.438  0.00000
   160    14.438  0.00000
   161    14.483  0.00000
   162    14.483  0.00000
   163    14.483  0.00000
   164    14.483  0.00000
   165    14.483  0.00000
   166    14.509  0.00000
   167    14.509  0.00000
   168    14.509  0.00000
   169    14.509  0.00000
   170    14.509  0.00000
   171    14.509  0.00000
   172    14.509  0.00000
   173    14.509  0.00000
   174    14.509  0.00000
   175    14.509  0.00000
   176    14.509  0.00000
   177    14.509  0.00000
   178    14.509  0.00000
   179    14.509  0.00000
   180    14.509  0.00000
   181    14.520  0.00000
   182    14.520  0.00000
   183    14.520  0.00000
   184    14.520  0.00000
   185    14.520  0.00000
   186    14.520  0.00000
   187    14.520  0.00000
   188    14.520  0.00000
   189    14.520  0.00000
   190    14.520  0.00000
   191    14.520  0.00000
   192    14.520  0.00000
   193    14.520  0.00000
   194    14.520  0.00000
   195    14.520  0.00000
   196    14.536  0.00000
   197    14.536  0.00000
   198    14.536  0.00000
   199    14.536  0.00000
   200    14.536  0.00000
   201    14.536  0.00000
   202    14.536  0.00000
   203    14.536  0.00000
   204    14.536  0.00000
   205    14.536  0.00000
   206    14.536  0.00000
   207    14.536  0.00000
   208    14.536  0.00000
   209    14.536  0.00000
   210    14.536  0.00000
   211    14.582  0.00000
   212    14.582  0.00000
   213    14.582  0.00000
   214    14.582  0.00000
   215    14.582  0.00000
   216    14.582  0.00000
   217    14.582  0.00000
   218    14.582  0.00000
   219    14.582  0.00000
   220    14.582  0.00000
   221    14.582  0.00000
   222    14.582  0.00000
   223    14.582  0.00000
   224    14.582  0.00000
   225    14.582  0.00000
   226    14.582  0.00000
   227    14.582  0.00000
   228    14.582  0.00000
   229    14.582  0.00000
   230    14.582  0.00000
   231    14.582  0.00000
   232    14.582  0.00000
   233    14.582  0.00000
   234    14.582  0.00000
   235    14.582  0.00000
   236    14.582  0.00000
   237    14.582  0.00000
   238    14.582  0.00000
   239    14.582  0.00000
   240    14.582  0.00000
   241    14.599  0.00000
   242    14.599  0.00000
   243    14.599  0.00000
   244    14.599  0.00000
   245    14.599  0.00000
   246    14.599  0.00000
   247    14.599  0.00000
   248    14.599  0.00000
   249    14.599  0.00000
   250    14.599  0.00000
   251    14.599  0.00000
   252    14.599  0.00000
   253    14.599  0.00000
   254    14.599  0.00000
   255    14.599  0.00000
   256    14.691  0.00000
   257    14.691  0.00000
   258    14.691  0.00000
   259    14.691  0.00000
   260    14.691  0.00000
   261    14.691  0.00000
   262    14.691  0.00000
   263    14.691  0.00000
   264    14.691  0.00000
   265    14.691  0.00000
   266    14.691  0.00000
   267    14.691  0.00000
   268    14.691  0.00000
   269    14.691  0.00000
   270    14.691  0.00000
 
