 Fermi distribution function
 
Geometry optimization step: 76
 

********************************************************************************
 iSCC Total electronic   Diff electronic      SCC error    
    5   -0.45618094E+02   -0.37942982E-10    0.27328085E-05
********************************************************************************
 
Coordinates of moved atoms (au):
    1     22.12113903     39.05284328     52.98878502
    2     27.43144137     25.58959342     50.35497756
    3     35.02402664     37.45178261     46.10760858
    4     31.15264831     34.11703636     55.34806348
    5     24.23530643     39.11180038     56.93237317
    6     29.54325508     25.65436918     54.29973655
    7     37.13250513     37.51131142     50.05423728
    8     33.31212394     34.17948771     59.38230003
    9     24.88480755     32.35200557     51.73347855
   10     28.27993789     40.92137111     56.32950659
   11     33.65155016     27.30261888     53.66548454
   12     37.46575259     35.85925908     59.16245863
   13     30.94862699     35.72655074     46.70946909
   14     26.95927859     32.38191431     55.76309285
   15     31.22568780     31.56508824     48.35171508
   16     27.12438039     28.11258367     57.14635482
   17     34.80463056     40.11159235     52.85005080
   18     31.21650788     36.63708632     62.49533278
   19     28.61605571     38.18149173     49.64610306
   20     24.43939154     34.92069308     58.47834381
   21     37.49092292     33.30087682     51.51741037
   22     33.78709735     30.11522543     61.22041443
   23     24.48102657     36.52914527     50.15871152
   24     33.42064521     31.58003865     52.31706258
   25     27.14278815     29.78059825     48.83851403
   26     30.76137402     38.32217678     53.63607861
   27     19.51241353     37.97915716     53.29055556
   28     21.88569004     41.68744377     51.96276665
   29     28.86567892     23.99127492     48.50089322
   30     24.83220560     24.49184748     50.65201966
   31     34.81188690     40.08352910     45.06923677
   32     36.47196358     35.87484021     44.24588573
   33     22.76876733     40.71088824     58.77677266
   34     29.75397954     23.00107645     55.31228570
   35     39.74132379     38.60467888     49.72524937
   36     22.29026499     31.24821404     52.14464097
   37     27.97374394     43.45340950     55.08057906
   38     29.59552385     41.33434059     58.80767116
   39     35.21719933     27.08115238     56.01968727
   40     34.93706278     25.79964321     51.62750767
   41     39.10964718     34.32163874     57.44683116
   42     38.57388987     35.78775859     61.76954256
   43     37.44520908     38.54534722     58.27025500
   44     29.53000066     35.64953176     44.24310633
   45     32.74989311     29.95016715     46.56624231
   46     28.17032166     27.95541765     59.77770702
   47     24.47254577     27.09834429     57.20793564
   48     34.42843509     42.65249705     51.63886500
   49     36.20838016     40.51320077     55.28129826
   50     31.01187390     39.34660684     61.70329004
   51     32.74410784     36.51137122     64.87880498
   52     28.62807568     35.62743617     63.03491109
   53     28.44515088     40.86427844     48.70138163
   54     25.44950393     34.85580688     61.12751774
   55     21.81650271     33.83305497     58.52608790
   56     39.10879720     33.16006265     53.84231280
   57     38.73476784     31.73356089     49.50216427
   58     35.32186842     28.40844274     59.56468809
   59     31.27511036     28.91157377     61.72309225
   60     35.14265360     30.42821050     63.68911031
   61     23.20661654     36.43415842     47.61543976
   62     25.80897058     29.83615028     46.32470766
 
 Total charge:    -0.00000000

 Atomic gross charges (e)
 Atom           Charge
    1       0.16680148
    2       0.16680076
    3       0.16679866
    4      -0.01832346
    5       0.02471743
    6       0.02471632
    7       0.02471601
    8      -0.09264892
    9       0.04404446
   10       0.17085954
   11       0.17086475
   12       0.26602652
   13       0.05166048
   14      -0.07385442
   15       0.04405235
   16       0.17086017
   17       0.17086816
   18       0.26604315
   19       0.04404761
   20       0.17086719
   21       0.17085948
   22       0.26602985
   23       0.05165948
   24      -0.07385841
   25       0.05166100
   26      -0.07385528
   27      -0.06583467
   28      -0.06583139
   29      -0.06583289
   30      -0.06583339
   31      -0.06583326
   32      -0.06583289
   33      -0.05392502
   34      -0.05392543
   35      -0.05392524
   36      -0.05669080
   37      -0.06781204
   38      -0.06087497
   39      -0.06087796
   40      -0.06780899
   41      -0.07587611
   42      -0.08035412
   43      -0.07590686
   44      -0.05235204
   45      -0.05668985
   46      -0.06087256
   47      -0.06780815
   48      -0.06780623
   49      -0.06087169
   50      -0.07589019
   51      -0.08036012
   52      -0.07588584
   53      -0.05669015
   54      -0.06087691
   55      -0.06780547
   56      -0.06087518
   57      -0.06781333
   58      -0.07587807
   59      -0.07590552
   60      -0.08035366
   61      -0.05235150
   62      -0.05235184
 
Nr. of electrons (up):    140.00000000
Atom populations (up)
 Atom       Population
    1       3.83319852
    2       3.83319924
    3       3.83320134
    4       4.01832346
    5       3.97528257
    6       3.97528368
    7       3.97528399
    8       4.09264892
    9       3.95595554
   10       3.82914046
   11       3.82913525
   12       3.73397348
   13       3.94833952
   14       4.07385442
   15       3.95594765
   16       3.82913983
   17       3.82913184
   18       3.73395685
   19       3.95595239
   20       3.82913281
   21       3.82914052
   22       3.73397015
   23       3.94834052
   24       4.07385841
   25       3.94833900
   26       4.07385528
   27       1.06583467
   28       1.06583139
   29       1.06583289
   30       1.06583339
   31       1.06583326
   32       1.06583289
   33       1.05392502
   34       1.05392543
   35       1.05392524
   36       1.05669080
   37       1.06781204
   38       1.06087497
   39       1.06087796
   40       1.06780899
   41       1.07587611
   42       1.08035412
   43       1.07590686
   44       1.05235204
   45       1.05668985
   46       1.06087256
   47       1.06780815
   48       1.06780623
   49       1.06087169
   50       1.07589019
   51       1.08036012
   52       1.07588584
   53       1.05669015
   54       1.06087691
   55       1.06780547
   56       1.06087518
   57       1.06781333
   58       1.07587807
   59       1.07590552
   60       1.08035366
   61       1.05235150
   62       1.05235184
 
l-shell populations (up)
 Atom Sh.   l       Population
    1   1   0       1.41831250
    1   2   1       2.41488602
    1   3   2       0.00000000
    2   1   0       1.41831338
    2   2   1       2.41488586
    2   3   2       0.00000000
    3   1   0       1.41831420
    3   2   1       2.41488714
    3   3   2       0.00000000
    4   1   0       1.54979678
    4   2   1       2.46852668
    4   3   2       0.00000000
    5   1   0       1.46833154
    5   2   1       2.50695103
    5   3   2       0.00000000
    6   1   0       1.46833177
    6   2   1       2.50695190
    6   3   2       0.00000000
    7   1   0       1.46833227
    7   2   1       2.50695172
    7   3   2       0.00000000
    8   1   0       1.52927987
    8   2   1       2.56336905
    8   3   2       0.00000000
    9   1   0       1.47713505
    9   2   1       2.47882049
    9   3   2       0.00000000
   10   1   0       1.42293793
   10   2   1       2.40620253
   10   3   2       0.00000000
   11   1   0       1.42293744
   11   2   1       2.40619781
   11   3   2       0.00000000
   12   1   0       1.37974201
   12   2   1       2.35423147
   12   3   2       0.00000000
   13   1   0       1.46817120
   13   2   1       2.48016832
   13   3   2       0.00000000
   14   1   0       1.53517230
   14   2   1       2.53868212
   14   3   2       0.00000000
   15   1   0       1.47713452
   15   2   1       2.47881313
   15   3   2       0.00000000
   16   1   0       1.42293848
   16   2   1       2.40620135
   16   3   2       0.00000000
   17   1   0       1.42293811
   17   2   1       2.40619372
   17   3   2       0.00000000
   18   1   0       1.37973727
   18   2   1       2.35421958
   18   3   2       0.00000000
   19   1   0       1.47713477
   19   2   1       2.47881762
   19   3   2       0.00000000
   20   1   0       1.42293777
   20   2   1       2.40619504
   20   3   2       0.00000000
   21   1   0       1.42293756
   21   2   1       2.40620296
   21   3   2       0.00000000
   22   1   0       1.37974093
   22   2   1       2.35422922
   22   3   2       0.00000000
   23   1   0       1.46816982
   23   2   1       2.48017070
   23   3   2       0.00000000
   24   1   0       1.53517168
   24   2   1       2.53868673
   24   3   2       0.00000000
   25   1   0       1.46817009
   25   2   1       2.48016891
   25   3   2       0.00000000
   26   1   0       1.53517146
   26   2   1       2.53868382
   26   3   2       0.00000000
   27   1   0       1.06583467
   28   1   0       1.06583139
   29   1   0       1.06583289
   30   1   0       1.06583339
   31   1   0       1.06583326
   32   1   0       1.06583289
   33   1   0       1.05392502
   34   1   0       1.05392543
   35   1   0       1.05392524
   36   1   0       1.05669080
   37   1   0       1.06781204
   38   1   0       1.06087497
   39   1   0       1.06087796
   40   1   0       1.06780899
   41   1   0       1.07587611
   42   1   0       1.08035412
   43   1   0       1.07590686
   44   1   0       1.05235204
   45   1   0       1.05668985
   46   1   0       1.06087256
   47   1   0       1.06780815
   48   1   0       1.06780623
   49   1   0       1.06087169
   50   1   0       1.07589019
   51   1   0       1.08036012
   52   1   0       1.07588584
   53   1   0       1.05669015
   54   1   0       1.06087691
   55   1   0       1.06780547
   56   1   0       1.06087518
   57   1   0       1.06781333
   58   1   0       1.07587807
   59   1   0       1.07590552
   60   1   0       1.08035366
   61   1   0       1.05235150
   62   1   0       1.05235184
 
Orbital populations (up)
 Atom Sh.   l   m       Population  Label
    1   1   0   0       1.41831250  s
    1   2   1  -1       0.79274265  p_y
    1   2   1   0       0.82311867  p_z
    1   2   1   1       0.79902470  p_x
    1   3   2  -2       0.00000000  d_xy
    1   3   2  -1       0.00000000  d_yz
    1   3   2   0       0.00000000  d_z2
    1   3   2   1       0.00000000  d_xz
    1   3   2   2       0.00000000  d_x2-y2
    2   1   0   0       1.41831338  s
    2   2   1  -1       0.80832304  p_y
    2   2   1   0       0.81475315  p_z
    2   2   1   1       0.79180966  p_x
    2   3   2  -2       0.00000000  d_xy
    2   3   2  -1       0.00000000  d_yz
    2   3   2   0       0.00000000  d_z2
    2   3   2   1       0.00000000  d_xz
    2   3   2   2       0.00000000  d_x2-y2
    3   1   0   0       1.41831420  s
    3   2   1  -1       0.78800733  p_y
    3   2   1   0       0.81140424  p_z
    3   2   1   1       0.81547557  p_x
    3   3   2  -2       0.00000000  d_xy
    3   3   2  -1       0.00000000  d_yz
    3   3   2   0       0.00000000  d_z2
    3   3   2   1       0.00000000  d_xz
    3   3   2   2       0.00000000  d_x2-y2
    4   1   0   0       1.54979678  s
    4   2   1  -1       0.82736612  p_y
    4   2   1   0       0.81681714  p_z
    4   2   1   1       0.82434342  p_x
    4   3   2  -2       0.00000000  d_xy
    4   3   2  -1       0.00000000  d_yz
    4   3   2   0       0.00000000  d_z2
    4   3   2   1       0.00000000  d_xz
    4   3   2   2       0.00000000  d_x2-y2
    5   1   0   0       1.46833154  s
    5   2   1  -1       0.83277459  p_y
    5   2   1   0       0.83465529  p_z
    5   2   1   1       0.83952116  p_x
    5   3   2  -2       0.00000000  d_xy
    5   3   2  -1       0.00000000  d_yz
    5   3   2   0       0.00000000  d_z2
    5   3   2   1       0.00000000  d_xz
    5   3   2   2       0.00000000  d_x2-y2
    6   1   0   0       1.46833177  s
    6   2   1  -1       0.81441410  p_y
    6   2   1   0       0.84669003  p_z
    6   2   1   1       0.84584777  p_x
    6   3   2  -2       0.00000000  d_xy
    6   3   2  -1       0.00000000  d_yz
    6   3   2   0       0.00000000  d_z2
    6   3   2   1       0.00000000  d_xz
    6   3   2   2       0.00000000  d_x2-y2
    7   1   0   0       1.46833227  s
    7   2   1  -1       0.83842061  p_y
    7   2   1   0       0.85404059  p_z
    7   2   1   1       0.81449053  p_x
    7   3   2  -2       0.00000000  d_xy
    7   3   2  -1       0.00000000  d_yz
    7   3   2   0       0.00000000  d_z2
    7   3   2   1       0.00000000  d_xz
    7   3   2   2       0.00000000  d_x2-y2
    8   1   0   0       1.52927987  s
    8   2   1  -1       0.87744842  p_y
    8   2   1   0       0.82383038  p_z
    8   2   1   1       0.86209024  p_x
    8   3   2  -2       0.00000000  d_xy
    8   3   2  -1       0.00000000  d_yz
    8   3   2   0       0.00000000  d_z2
    8   3   2   1       0.00000000  d_xz
    8   3   2   2       0.00000000  d_x2-y2
    9   1   0   0       1.47713505  s
    9   2   1  -1       0.83275127  p_y
    9   2   1   0       0.83116287  p_z
    9   2   1   1       0.81490636  p_x
    9   3   2  -2       0.00000000  d_xy
    9   3   2  -1       0.00000000  d_yz
    9   3   2   0       0.00000000  d_z2
    9   3   2   1       0.00000000  d_xz
    9   3   2   2       0.00000000  d_x2-y2
   10   1   0   0       1.42293793  s
   10   2   1  -1       0.80298806  p_y
   10   2   1   0       0.79158543  p_z
   10   2   1   1       0.81162904  p_x
   10   3   2  -2       0.00000000  d_xy
   10   3   2  -1       0.00000000  d_yz
   10   3   2   0       0.00000000  d_z2
   10   3   2   1       0.00000000  d_xz
   10   3   2   2       0.00000000  d_x2-y2
   11   1   0   0       1.42293744  s
   11   2   1  -1       0.80402066  p_y
   11   2   1   0       0.78804747  p_z
   11   2   1   1       0.81412967  p_x
   11   3   2  -2       0.00000000  d_xy
   11   3   2  -1       0.00000000  d_yz
   11   3   2   0       0.00000000  d_z2
   11   3   2   1       0.00000000  d_xz
   11   3   2   2       0.00000000  d_x2-y2
   12   1   0   0       1.37974201  s
   12   2   1  -1       0.78019838  p_y
   12   2   1   0       0.77584949  p_z
   12   2   1   1       0.79818361  p_x
   12   3   2  -2       0.00000000  d_xy
   12   3   2  -1       0.00000000  d_yz
   12   3   2   0       0.00000000  d_z2
   12   3   2   1       0.00000000  d_xz
   12   3   2   2       0.00000000  d_x2-y2
   13   1   0   0       1.46817120  s
   13   2   1  -1       0.83602822  p_y
   13   2   1   0       0.80930589  p_z
   13   2   1   1       0.83483422  p_x
   13   3   2  -2       0.00000000  d_xy
   13   3   2  -1       0.00000000  d_yz
   13   3   2   0       0.00000000  d_z2
   13   3   2   1       0.00000000  d_xz
   13   3   2   2       0.00000000  d_x2-y2
   14   1   0   0       1.53517230  s
   14   2   1  -1       0.84874432  p_y
   14   2   1   0       0.85962103  p_z
   14   2   1   1       0.83031677  p_x
   14   3   2  -2       0.00000000  d_xy
   14   3   2  -1       0.00000000  d_yz
   14   3   2   0       0.00000000  d_z2
   14   3   2   1       0.00000000  d_xz
   14   3   2   2       0.00000000  d_x2-y2
   15   1   0   0       1.47713452  s
   15   2   1  -1       0.82882389  p_y
   15   2   1   0       0.82118284  p_z
   15   2   1   1       0.82880640  p_x
   15   3   2  -2       0.00000000  d_xy
   15   3   2  -1       0.00000000  d_yz
   15   3   2   0       0.00000000  d_z2
   15   3   2   1       0.00000000  d_xz
   15   3   2   2       0.00000000  d_x2-y2
   16   1   0   0       1.42293848  s
   16   2   1  -1       0.80678248  p_y
   16   2   1   0       0.80168635  p_z
   16   2   1   1       0.79773252  p_x
   16   3   2  -2       0.00000000  d_xy
   16   3   2  -1       0.00000000  d_yz
   16   3   2   0       0.00000000  d_z2
   16   3   2   1       0.00000000  d_xz
   16   3   2   2       0.00000000  d_x2-y2
   17   1   0   0       1.42293811  s
   17   2   1  -1       0.80533398  p_y
   17   2   1   0       0.79680350  p_z
   17   2   1   1       0.80405624  p_x
   17   3   2  -2       0.00000000  d_xy
   17   3   2  -1       0.00000000  d_yz
   17   3   2   0       0.00000000  d_z2
   17   3   2   1       0.00000000  d_xz
   17   3   2   2       0.00000000  d_x2-y2
   18   1   0   0       1.37973727  s
   18   2   1  -1       0.78340717  p_y
   18   2   1   0       0.79147708  p_z
   18   2   1   1       0.77933532  p_x
   18   3   2  -2       0.00000000  d_xy
   18   3   2  -1       0.00000000  d_yz
   18   3   2   0       0.00000000  d_z2
   18   3   2   1       0.00000000  d_xz
   18   3   2   2       0.00000000  d_x2-y2
   19   1   0   0       1.47713477  s
   19   2   1  -1       0.81593192  p_y
   19   2   1   0       0.82821825  p_z
   19   2   1   1       0.83466745  p_x
   19   3   2  -2       0.00000000  d_xy
   19   3   2  -1       0.00000000  d_yz
   19   3   2   0       0.00000000  d_z2
   19   3   2   1       0.00000000  d_xz
   19   3   2   2       0.00000000  d_x2-y2
   20   1   0   0       1.42293777  s
   20   2   1  -1       0.81454316  p_y
   20   2   1   0       0.79776206  p_z
   20   2   1   1       0.79388982  p_x
   20   3   2  -2       0.00000000  d_xy
   20   3   2  -1       0.00000000  d_yz
   20   3   2   0       0.00000000  d_z2
   20   3   2   1       0.00000000  d_xz
   20   3   2   2       0.00000000  d_x2-y2
   21   1   0   0       1.42293756  s
   21   2   1  -1       0.81413694  p_y
   21   2   1   0       0.78934440  p_z
   21   2   1   1       0.80272163  p_x
   21   3   2  -2       0.00000000  d_xy
   21   3   2  -1       0.00000000  d_yz
   21   3   2   0       0.00000000  d_z2
   21   3   2   1       0.00000000  d_xz
   21   3   2   2       0.00000000  d_x2-y2
   22   1   0   0       1.37974093  s
   22   2   1  -1       0.79361305  p_y
   22   2   1   0       0.78290525  p_z
   22   2   1   1       0.77771091  p_x
   22   3   2  -2       0.00000000  d_xy
   22   3   2  -1       0.00000000  d_yz
   22   3   2   0       0.00000000  d_z2
   22   3   2   1       0.00000000  d_xz
   22   3   2   2       0.00000000  d_x2-y2
   23   1   0   0       1.46816982  s
   23   2   1  -1       0.83639662  p_y
   23   2   1   0       0.81745105  p_z
   23   2   1   1       0.82632303  p_x
   23   3   2  -2       0.00000000  d_xy
   23   3   2  -1       0.00000000  d_yz
   23   3   2   0       0.00000000  d_z2
   23   3   2   1       0.00000000  d_xz
   23   3   2   2       0.00000000  d_x2-y2
   24   1   0   0       1.53517168  s
   24   2   1  -1       0.84542949  p_y
   24   2   1   0       0.84098015  p_z
   24   2   1   1       0.85227710  p_x
   24   3   2  -2       0.00000000  d_xy
   24   3   2  -1       0.00000000  d_yz
   24   3   2   0       0.00000000  d_z2
   24   3   2   1       0.00000000  d_xz
   24   3   2   2       0.00000000  d_x2-y2
   25   1   0   0       1.46817009  s
   25   2   1  -1       0.83728338  p_y
   25   2   1   0       0.81405864  p_z
   25   2   1   1       0.82882690  p_x
   25   3   2  -2       0.00000000  d_xy
   25   3   2  -1       0.00000000  d_yz
   25   3   2   0       0.00000000  d_z2
   25   3   2   1       0.00000000  d_xz
   25   3   2   2       0.00000000  d_x2-y2
   26   1   0   0       1.53517146  s
   26   2   1  -1       0.83496187  p_y
   26   2   1   0       0.85080497  p_z
   26   2   1   1       0.85291698  p_x
   26   3   2  -2       0.00000000  d_xy
   26   3   2  -1       0.00000000  d_yz
   26   3   2   0       0.00000000  d_z2
   26   3   2   1       0.00000000  d_xz
   26   3   2   2       0.00000000  d_x2-y2
   27   1   0   0       1.06583467  s
   28   1   0   0       1.06583139  s
   29   1   0   0       1.06583289  s
   30   1   0   0       1.06583339  s
   31   1   0   0       1.06583326  s
   32   1   0   0       1.06583289  s
   33   1   0   0       1.05392502  s
   34   1   0   0       1.05392543  s
   35   1   0   0       1.05392524  s
   36   1   0   0       1.05669080  s
   37   1   0   0       1.06781204  s
   38   1   0   0       1.06087497  s
   39   1   0   0       1.06087796  s
   40   1   0   0       1.06780899  s
   41   1   0   0       1.07587611  s
   42   1   0   0       1.08035412  s
   43   1   0   0       1.07590686  s
   44   1   0   0       1.05235204  s
   45   1   0   0       1.05668985  s
   46   1   0   0       1.06087256  s
   47   1   0   0       1.06780815  s
   48   1   0   0       1.06780623  s
   49   1   0   0       1.06087169  s
   50   1   0   0       1.07589019  s
   51   1   0   0       1.08036012  s
   52   1   0   0       1.07588584  s
   53   1   0   0       1.05669015  s
   54   1   0   0       1.06087691  s
   55   1   0   0       1.06780547  s
   56   1   0   0       1.06087518  s
   57   1   0   0       1.06781333  s
   58   1   0   0       1.07587807  s
   59   1   0   0       1.07590552  s
   60   1   0   0       1.08035366  s
   61   1   0   0       1.05235150  s
   62   1   0   0       1.05235184  s
 
Fermi level:                        -0.1544055550 H           -4.2016 eV
Band energy:                       -47.2446684241 H        -1285.5928 eV
TS:                                  0.0000000000 H            0.0000 eV
Band free energy (E-TS):           -47.2446684241 H        -1285.5928 eV
Extrapolated E(0K):                -47.2446684241 H        -1285.5928 eV
Input / Output electrons (q):    140.0000000000    140.0000000000
 
Energy H0:                         -45.6311161987 H        -1241.6858 eV
Energy SCC:                          0.0130219425 H            0.3543 eV
Total Electronic energy:           -45.6180942562 H        -1241.3315 eV
Repulsive energy:                    0.0515942789 H            1.4040 eV
Dispersion energy:                   0.3187475503 H            8.6736 eV
Total energy:                      -45.2477524269 H        -1231.2540 eV
Extrapolated to 0:                 -45.2477524269 H        -1231.2540 eV
Total Mermin free energy:          -45.2477524269 H        -1231.2540 eV
Force related energy:              -45.2477524269 H        -1231.2540 eV
 
SCC converged
 
Full geometry written in geo_end.{xyz|gen}
 
Dipole moment:    0.09018425    0.00259617    0.16856815 au
Dipole moment:    0.22922553    0.00659881    0.42845753 Debye
 
Geometry converged
 
