 Fermi distribution function
 
Geometry optimization step: 300
 

********************************************************************************
 iSCC Total electronic   Diff electronic      SCC error    
    4   -0.19302782E+03   -0.36328629E-09    0.96745104E-05
********************************************************************************
 
Coordinates of moved atoms (au):
    1     22.22253560     39.64832552     53.05942671
    2     27.02075060     25.36228418     50.71579212
    3     35.50565962     37.12630316     46.00236750
    4     31.18266493     34.12999320     55.41635261
    5     24.44511174     39.40955986     57.05041038
    6     29.36384588     25.64373396     54.63421512
    7     37.39032971     37.26939121     50.16794724
    8     33.35694858     34.19256462     59.48649893
    9     24.84293501     32.44461694     51.75989745
   10     28.66550970     41.05330019     56.54913518
   11     33.55575476     26.94589026     53.43236960
   12     36.85145809     37.04457460     59.33066354
   13     31.20057338     35.73545950     46.65076960
   14     26.90540280     32.52808212     55.89796526
   15     31.19070805     31.49546590     48.38347702
   16     27.10086463     28.28173285     57.58122605
   17     34.94469752     40.32931431     52.48480924
   18     30.52309897     35.53069244     62.73430329
   19     28.70217528     38.19632082     49.60990909
   20     24.01699264     35.08512812     58.40293306
   21     37.65003781     33.05122367     51.87256593
   22     34.88349495     30.06532656     60.48897218
   23     24.40251019     36.76111509     50.26652894
   24     33.41128684     31.43494183     52.43931384
   25     27.06060974     29.58085665     48.95687479
   26     30.95262668     38.36171079     53.64630104
   27     19.32636566     38.96355241     53.29974688
   28     22.30125619     42.40631800     51.91092263
   29     28.17368389     23.37103931     48.81301602
   30     24.19807036     24.49283636     51.17278769
   31     35.60689615     39.75513247     44.59039916
   32     36.92314018     35.19936576     44.21082369
   33     23.01232697     41.16397976     59.05776353
   34     29.55464244     22.87590348     55.84380169
   35     40.21410897     38.32829984     49.91215697
   36     22.12431481     31.31408819     52.32489834
   37     28.56712809     43.81530933     55.42731290
   38     30.24336170     41.28769580     59.07230062
   39     35.86964189     26.23449348     55.16511541
   40     34.13342580     25.59049635     50.83111755
   41     37.76010453     37.33175639     56.50018508
   42     39.07458971     35.95289586     60.98310776
   43     36.07668821     39.71667010     60.38075739
   44     29.68192086     35.63881094     44.06317500
   45     32.85640524     29.73768935     46.61595292
   46     28.26299396     28.40068974     60.32827549
   47     24.32181142     27.26296428     57.94978334
   48     34.21867462     42.46811306     50.52630502
   49     36.19511235     41.79837036     54.75218023
   50     28.35734090     37.19396196     61.52479578
   51     32.02427706     37.15111064     64.73071427
   52     29.30387830     33.18661311     64.09894462
   53     28.62741426     41.05232196     48.70122592
   54     24.13986366     34.43352053     61.30515810
   55     21.28147047     34.21889804     57.56396369
   56     39.11080143     32.81893326     54.46548958
   57     39.11667343     31.26743234     49.98472241
   58     37.72170355     29.76147598     59.65480744
   59     33.22274976     28.03091931     59.06644262
   60     34.67831283     29.63765103     63.42839526
   61     23.08579090     36.64426229     47.57141442
   62     25.65704447     29.67211038     46.30491533
 
 Total charge:    -0.00000000

 Atomic gross charges (e)
 Atom           Charge
    1       0.90889051
    2       0.90882441
    3       0.90888693
    4      -0.05895452
    5       0.06162684
    6       0.06168551
    7       0.06162334
    8      -0.74996414
    9       0.29673329
   10       0.98328772
   11       0.98399440
   12       1.50130299
   13       0.22777681
   14      -0.55388017
   15       0.29672973
   16       0.98327190
   17       0.98399624
   18       1.50127078
   19       0.29674712
   20       0.98400799
   21       0.98328640
   22       1.50123298
   23       0.22778067
   24      -0.55387235
   25       0.22782665
   26      -0.55388974
   27      -0.33535828
   28      -0.34160251
   29      -0.33535701
   30      -0.34160296
   31      -0.33536075
   32      -0.34160543
   33      -0.29658062
   34      -0.29658840
   35      -0.29658292
   36      -0.28472258
   37      -0.34224313
   38      -0.34719732
   39      -0.33121032
   40      -0.35447437
   41      -0.42538067
   42      -0.40445391
   43      -0.39855784
   44      -0.27827238
   45      -0.28472870
   46      -0.34719572
   47      -0.34223591
   48      -0.35447847
   49      -0.33122179
   50      -0.42538949
   51      -0.40445472
   52      -0.39855974
   53      -0.28472072
   54      -0.33121762
   55      -0.35448006
   56      -0.34720359
   57      -0.34223907
   58      -0.39855631
   59      -0.42539990
   60      -0.40445193
   61      -0.27826598
   62      -0.27827118
 
Nr. of electrons (up):    356.00000000
Atom populations (up)
 Atom       Population
    1       3.09110949
    2       3.09117559
    3       3.09111307
    4       4.05895452
    5       3.93837316
    6       3.93831449
    7       3.93837666
    8       4.74996414
    9       3.70326671
   10       3.01671228
   11       3.01600560
   12       2.49869701
   13       3.77222319
   14       4.55388017
   15       3.70327027
   16       3.01672810
   17       3.01600376
   18       2.49872922
   19       3.70325288
   20       3.01599201
   21       3.01671360
   22       2.49876702
   23       3.77221933
   24       4.55387235
   25       3.77217335
   26       4.55388974
   27       7.33535828
   28       7.34160251
   29       7.33535701
   30       7.34160296
   31       7.33536075
   32       7.34160543
   33       7.29658062
   34       7.29658840
   35       7.29658292
   36       7.28472258
   37       7.34224313
   38       7.34719732
   39       7.33121032
   40       7.35447437
   41       7.42538067
   42       7.40445391
   43       7.39855784
   44       7.27827238
   45       7.28472870
   46       7.34719572
   47       7.34223591
   48       7.35447847
   49       7.33122179
   50       7.42538949
   51       7.40445472
   52       7.39855974
   53       7.28472072
   54       7.33121762
   55       7.35448006
   56       7.34720359
   57       7.34223907
   58       7.39855631
   59       7.42539990
   60       7.40445193
   61       7.27826598
   62       7.27827118
 
l-shell populations (up)
 Atom Sh.   l       Population
    1   1   0       1.16894325
    1   2   1       1.92216624
    1   3   2       0.00000000
    2   1   0       1.16899317
    2   2   1       1.92218242
    2   3   2       0.00000000
    3   1   0       1.16895468
    3   2   1       1.92215839
    3   3   2       0.00000000
    4   1   0       1.56466627
    4   2   1       2.49428825
    4   3   2       0.00000000
    5   1   0       1.44366776
    5   2   1       2.49470540
    5   3   2       0.00000000
    6   1   0       1.44364972
    6   2   1       2.49466477
    6   3   2       0.00000000
    7   1   0       1.44367063
    7   2   1       2.49470602
    7   3   2       0.00000000
    8   1   0       1.62531692
    8   2   1       3.12464721
    8   3   2       0.00000000
    9   1   0       1.41293407
    9   2   1       2.29033264
    9   3   2       0.00000000
   10   1   0       1.15123807
   10   2   1       1.86547422
   10   3   2       0.00000000
   11   1   0       1.15418434
   11   2   1       1.86182126
   11   3   2       0.00000000
   12   1   0       0.91358466
   12   2   1       1.58511235
   12   3   2       0.00000000
   13   1   0       1.42193116
   13   2   1       2.35029203
   13   3   2       0.00000000
   14   1   0       1.62981013
   14   2   1       2.92407004
   14   3   2       0.00000000
   15   1   0       1.41294048
   15   2   1       2.29032979
   15   3   2       0.00000000
   16   1   0       1.15124934
   16   2   1       1.86547876
   16   3   2       0.00000000
   17   1   0       1.15417749
   17   2   1       1.86182628
   17   3   2       0.00000000
   18   1   0       0.91361356
   18   2   1       1.58511566
   18   3   2       0.00000000
   19   1   0       1.41293105
   19   2   1       2.29032184
   19   3   2       0.00000000
   20   1   0       1.15417345
   20   2   1       1.86181856
   20   3   2       0.00000000
   21   1   0       1.15124020
   21   2   1       1.86547340
   21   3   2       0.00000000
   22   1   0       0.91364768
   22   2   1       1.58511934
   22   3   2       0.00000000
   23   1   0       1.42192260
   23   2   1       2.35029673
   23   3   2       0.00000000
   24   1   0       1.62980584
   24   2   1       2.92406650
   24   3   2       0.00000000
   25   1   0       1.42189164
   25   2   1       2.35028171
   25   3   2       0.00000000
   26   1   0       1.62981266
   26   2   1       2.92407708
   26   3   2       0.00000000
   27   1   0       1.89356097
   27   2   1       5.44179731
   28   1   0       1.89422922
   28   2   1       5.44737329
   29   1   0       1.89357111
   29   2   1       5.44178590
   30   1   0       1.89424266
   30   2   1       5.44736030
   31   1   0       1.89356557
   31   2   1       5.44179517
   32   1   0       1.89423396
   32   2   1       5.44737147
   33   1   0       1.89604270
   33   2   1       5.40053792
   34   1   0       1.89604401
   34   2   1       5.40054439
   35   1   0       1.89604546
   35   2   1       5.40053746
   36   1   0       1.89268884
   36   2   1       5.39203374
   37   1   0       1.89364549
   37   2   1       5.44859764
   38   1   0       1.89492210
   38   2   1       5.45227522
   39   1   0       1.89325946
   39   2   1       5.43795086
   40   1   0       1.89499595
   40   2   1       5.45947842
   41   1   0       1.89996421
   41   2   1       5.52541646
   42   1   0       1.89627682
   42   2   1       5.50817709
   43   1   0       1.89506857
   43   2   1       5.50348927
   44   1   0       1.89274500
   44   2   1       5.38552738
   45   1   0       1.89269525
   45   2   1       5.39203345
   46   1   0       1.89492318
   46   2   1       5.45227254
   47   1   0       1.89364571
   47   2   1       5.44859020
   48   1   0       1.89499560
   48   2   1       5.45948287
   49   1   0       1.89326148
   49   2   1       5.43796031
   50   1   0       1.89996895
   50   2   1       5.52542054
   51   1   0       1.89628403
   51   2   1       5.50817069
   52   1   0       1.89507817
   52   2   1       5.50348157
   53   1   0       1.89268408
   53   2   1       5.39203664
   54   1   0       1.89326066
   54   2   1       5.43795696
   55   1   0       1.89499588
   55   2   1       5.45948418
   56   1   0       1.89492510
   56   2   1       5.45227849
   57   1   0       1.89364598
   57   2   1       5.44859309
   58   1   0       1.89508157
   58   2   1       5.50347474
   59   1   0       1.89998305
   59   2   1       5.52541685
   60   1   0       1.89629050
   60   2   1       5.50816143
   61   1   0       1.89273858
   61   2   1       5.38552740
   62   1   0       1.89274221
   62   2   1       5.38552898
 
Orbital populations (up)
 Atom Sh.   l   m       Population  Label
    1   1   0   0       1.16894325  s
    1   2   1  -1       0.57864588  p_y
    1   2   1   0       0.74342663  p_z
    1   2   1   1       0.60009374  p_x
    1   3   2  -2       0.00000000  d_xy
    1   3   2  -1       0.00000000  d_yz
    1   3   2   0       0.00000000  d_z2
    1   3   2   1       0.00000000  d_xz
    1   3   2   2       0.00000000  d_x2-y2
    2   1   0   0       1.16899317  s
    2   2   1  -1       0.68697611  p_y
    2   2   1   0       0.69027825  p_z
    2   2   1   1       0.54492806  p_x
    2   3   2  -2       0.00000000  d_xy
    2   3   2  -1       0.00000000  d_yz
    2   3   2   0       0.00000000  d_z2
    2   3   2   1       0.00000000  d_xz
    2   3   2   2       0.00000000  d_x2-y2
    3   1   0   0       1.16895468  s
    3   2   1  -1       0.49043624  p_y
    3   2   1   0       0.71012828  p_z
    3   2   1   1       0.72159388  p_x
    3   3   2  -2       0.00000000  d_xy
    3   3   2  -1       0.00000000  d_yz
    3   3   2   0       0.00000000  d_z2
    3   3   2   1       0.00000000  d_xz
    3   3   2   2       0.00000000  d_x2-y2
    4   1   0   0       1.56466627  s
    4   2   1  -1       0.82493213  p_y
    4   2   1   0       0.84010558  p_z
    4   2   1   1       0.82925054  p_x
    4   3   2  -2       0.00000000  d_xy
    4   3   2  -1       0.00000000  d_yz
    4   3   2   0       0.00000000  d_z2
    4   3   2   1       0.00000000  d_xz
    4   3   2   2       0.00000000  d_x2-y2
    5   1   0   0       1.44366776  s
    5   2   1  -1       0.82403082  p_y
    5   2   1   0       0.80334795  p_z
    5   2   1   1       0.86732664  p_x
    5   3   2  -2       0.00000000  d_xy
    5   3   2  -1       0.00000000  d_yz
    5   3   2   0       0.00000000  d_z2
    5   3   2   1       0.00000000  d_xz
    5   3   2   2       0.00000000  d_x2-y2
    6   1   0   0       1.44364972  s
    6   2   1  -1       0.67438638  p_y
    6   2   1   0       0.88681982  p_z
    6   2   1   1       0.93345857  p_x
    6   3   2  -2       0.00000000  d_xy
    6   3   2  -1       0.00000000  d_yz
    6   3   2   0       0.00000000  d_z2
    6   3   2   1       0.00000000  d_xz
    6   3   2   2       0.00000000  d_x2-y2
    7   1   0   0       1.44367063  s
    7   2   1  -1       0.88953053  p_y
    7   2   1   0       0.94697560  p_z
    7   2   1   1       0.65819989  p_x
    7   3   2  -2       0.00000000  d_xy
    7   3   2  -1       0.00000000  d_yz
    7   3   2   0       0.00000000  d_z2
    7   3   2   1       0.00000000  d_xz
    7   3   2   2       0.00000000  d_x2-y2
    8   1   0   0       1.62531692  s
    8   2   1  -1       1.12977177  p_y
    8   2   1   0       0.92382105  p_z
    8   2   1   1       1.07105439  p_x
    8   3   2  -2       0.00000000  d_xy
    8   3   2  -1       0.00000000  d_yz
    8   3   2   0       0.00000000  d_z2
    8   3   2   1       0.00000000  d_xz
    8   3   2   2       0.00000000  d_x2-y2
    9   1   0   0       1.41293407  s
    9   2   1  -1       0.82448179  p_y
    9   2   1   0       0.82208040  p_z
    9   2   1   1       0.64377045  p_x
    9   3   2  -2       0.00000000  d_xy
    9   3   2  -1       0.00000000  d_yz
    9   3   2   0       0.00000000  d_z2
    9   3   2   1       0.00000000  d_xz
    9   3   2   2       0.00000000  d_x2-y2
   10   1   0   0       1.15123807  s
   10   2   1  -1       0.60875229  p_y
   10   2   1   0       0.55333905  p_z
   10   2   1   1       0.70338288  p_x
   10   3   2  -2       0.00000000  d_xy
   10   3   2  -1       0.00000000  d_yz
   10   3   2   0       0.00000000  d_z2
   10   3   2   1       0.00000000  d_xz
   10   3   2   2       0.00000000  d_x2-y2
   11   1   0   0       1.15418434  s
   11   2   1  -1       0.67899497  p_y
   11   2   1   0       0.50428138  p_z
   11   2   1   1       0.67854491  p_x
   11   3   2  -2       0.00000000  d_xy
   11   3   2  -1       0.00000000  d_yz
   11   3   2   0       0.00000000  d_z2
   11   3   2   1       0.00000000  d_xz
   11   3   2   2       0.00000000  d_x2-y2
   12   1   0   0       0.91358466  s
   12   2   1  -1       0.54157263  p_y
   12   2   1   0       0.45646107  p_z
   12   2   1   1       0.58707866  p_x
   12   3   2  -2       0.00000000  d_xy
   12   3   2  -1       0.00000000  d_yz
   12   3   2   0       0.00000000  d_z2
   12   3   2   1       0.00000000  d_xz
   12   3   2   2       0.00000000  d_x2-y2
   13   1   0   0       1.42193116  s
   13   2   1  -1       0.85310322  p_y
   13   2   1   0       0.65762009  p_z
   13   2   1   1       0.83956872  p_x
   13   3   2  -2       0.00000000  d_xy
   13   3   2  -1       0.00000000  d_yz
   13   3   2   0       0.00000000  d_z2
   13   3   2   1       0.00000000  d_xz
   13   3   2   2       0.00000000  d_x2-y2
   14   1   0   0       1.62981013  s
   14   2   1  -1       1.01571840  p_y
   14   2   1   0       1.01171227  p_z
   14   2   1   1       0.89663938  p_x
   14   3   2  -2       0.00000000  d_xy
   14   3   2  -1       0.00000000  d_yz
   14   3   2   0       0.00000000  d_z2
   14   3   2   1       0.00000000  d_xz
   14   3   2   2       0.00000000  d_x2-y2
   15   1   0   0       1.41294048  s
   15   2   1  -1       0.78437117  p_y
   15   2   1   0       0.72331409  p_z
   15   2   1   1       0.78264453  p_x
   15   3   2  -2       0.00000000  d_xy
   15   3   2  -1       0.00000000  d_yz
   15   3   2   0       0.00000000  d_z2
   15   3   2   1       0.00000000  d_xz
   15   3   2   2       0.00000000  d_x2-y2
   16   1   0   0       1.15124934  s
   16   2   1  -1       0.70106677  p_y
   16   2   1   0       0.62317685  p_z
   16   2   1   1       0.54123514  p_x
   16   3   2  -2       0.00000000  d_xy
   16   3   2  -1       0.00000000  d_yz
   16   3   2   0       0.00000000  d_z2
   16   3   2   1       0.00000000  d_xz
   16   3   2   2       0.00000000  d_x2-y2
   17   1   0   0       1.15417749  s
   17   2   1  -1       0.67248295  p_y
   17   2   1   0       0.52108259  p_z
   17   2   1   1       0.66826074  p_x
   17   3   2  -2       0.00000000  d_xy
   17   3   2  -1       0.00000000  d_yz
   17   3   2   0       0.00000000  d_z2
   17   3   2   1       0.00000000  d_xz
   17   3   2   2       0.00000000  d_x2-y2
   18   1   0   0       0.91361356  s
   18   2   1  -1       0.48073609  p_y
   18   2   1   0       0.56739875  p_z
   18   2   1   1       0.53698082  p_x
   18   3   2  -2       0.00000000  d_xy
   18   3   2  -1       0.00000000  d_yz
   18   3   2   0       0.00000000  d_z2
   18   3   2   1       0.00000000  d_xz
   18   3   2   2       0.00000000  d_x2-y2
   19   1   0   0       1.41293105  s
   19   2   1  -1       0.64644708  p_y
   19   2   1   0       0.79173228  p_z
   19   2   1   1       0.85214248  p_x
   19   3   2  -2       0.00000000  d_xy
   19   3   2  -1       0.00000000  d_yz
   19   3   2   0       0.00000000  d_z2
   19   3   2   1       0.00000000  d_xz
   19   3   2   2       0.00000000  d_x2-y2
   20   1   0   0       1.15417345  s
   20   2   1  -1       0.73364142  p_y
   20   2   1   0       0.53852594  p_z
   20   2   1   1       0.58965120  p_x
   20   3   2  -2       0.00000000  d_xy
   20   3   2  -1       0.00000000  d_yz
   20   3   2   0       0.00000000  d_z2
   20   3   2   1       0.00000000  d_xz
   20   3   2   2       0.00000000  d_x2-y2
   21   1   0   0       1.15124020  s
   21   2   1  -1       0.70147643  p_y
   21   2   1   0       0.49442729  p_z
   21   2   1   1       0.66956968  p_x
   21   3   2  -2       0.00000000  d_xy
   21   3   2  -1       0.00000000  d_yz
   21   3   2   0       0.00000000  d_z2
   21   3   2   1       0.00000000  d_xz
   21   3   2   2       0.00000000  d_x2-y2
   22   1   0   0       0.91364768  s
   22   2   1  -1       0.63002303  p_y
   22   2   1   0       0.47157122  p_z
   22   2   1   1       0.48352510  p_x
   22   3   2  -2       0.00000000  d_xy
   22   3   2  -1       0.00000000  d_yz
   22   3   2   0       0.00000000  d_z2
   22   3   2   1       0.00000000  d_xz
   22   3   2   2       0.00000000  d_x2-y2
   23   1   0   0       1.42192260  s
   23   2   1  -1       0.86387193  p_y
   23   2   1   0       0.68773214  p_z
   23   2   1   1       0.79869267  p_x
   23   3   2  -2       0.00000000  d_xy
   23   3   2  -1       0.00000000  d_yz
   23   3   2   0       0.00000000  d_z2
   23   3   2   1       0.00000000  d_xz
   23   3   2   2       0.00000000  d_x2-y2
   24   1   0   0       1.62980584  s
   24   2   1  -1       0.98748007  p_y
   24   2   1   0       0.94389080  p_z
   24   2   1   1       0.99269564  p_x
   24   3   2  -2       0.00000000  d_xy
   24   3   2  -1       0.00000000  d_yz
   24   3   2   0       0.00000000  d_z2
   24   3   2   1       0.00000000  d_xz
   24   3   2   2       0.00000000  d_x2-y2
   25   1   0   0       1.42189164  s
   25   2   1  -1       0.88714641  p_y
   25   2   1   0       0.66630793  p_z
   25   2   1   1       0.79682737  p_x
   25   3   2  -2       0.00000000  d_xy
   25   3   2  -1       0.00000000  d_yz
   25   3   2   0       0.00000000  d_z2
   25   3   2   1       0.00000000  d_xz
   25   3   2   2       0.00000000  d_x2-y2
   26   1   0   0       1.62981266  s
   26   2   1  -1       0.91546597  p_y
   26   2   1   0       0.97572495  p_z
   26   2   1   1       1.03288616  p_x
   26   3   2  -2       0.00000000  d_xy
   26   3   2  -1       0.00000000  d_yz
   26   3   2   0       0.00000000  d_z2
   26   3   2   1       0.00000000  d_xz
   26   3   2   2       0.00000000  d_x2-y2
   27   1   0   0       1.89356097  s
   27   2   1  -1       1.93319291  p_y
   27   2   1   0       1.92111224  p_z
   27   2   1   1       1.58749216  p_x
   28   1   0   0       1.89422922  s
   28   2   1  -1       1.62647108  p_y
   28   2   1   0       1.86821150  p_z
   28   2   1   1       1.95269071  p_x
   29   1   0   0       1.89357111  s
   29   2   1  -1       1.75811347  p_y
   29   2   1   0       1.77801611  p_z
   29   2   1   1       1.90565632  p_x
   30   1   0   0       1.89424266  s
   30   2   1  -1       1.89936113  p_y
   30   2   1   0       1.92776747  p_z
   30   2   1   1       1.62023170  p_x
   31   1   0   0       1.89356557  s
   31   2   1  -1       1.67262565  p_y
   31   2   1   0       1.84656501  p_z
   31   2   1   1       1.92260452  p_x
   32   1   0   0       1.89423396  s
   32   2   1  -1       1.81229047  p_y
   32   2   1   0       1.79716101  p_z
   32   2   1   1       1.83791999  p_x
   33   1   0   0       1.89604270  s
   33   2   1  -1       1.79921544  p_y
   33   2   1   0       1.75906236  p_z
   33   2   1   1       1.84226012  p_x
   34   1   0   0       1.89604401  s
   34   2   1  -1       1.60718250  p_y
   34   2   1   0       1.86725676  p_z
   34   2   1   1       1.92610514  p_x
   35   1   0   0       1.89604546  s
   35   2   1  -1       1.88177428  p_y
   35   2   1   0       1.92415779  p_z
   35   2   1   1       1.59460538  p_x
   36   1   0   0       1.89268884  s
   36   2   1  -1       1.86979925  p_y
   36   2   1   0       1.90047257  p_z
   36   2   1   1       1.62176192  p_x
   37   1   0   0       1.89364549  s
   37   2   1  -1       1.61977205  p_y
   37   2   1   0       1.89925676  p_z
   37   2   1   1       1.92956883  p_x
   38   1   0   0       1.89492210  s
   38   2   1  -1       1.94444521  p_y
   38   2   1   0       1.68701313  p_z
   38   2   1   1       1.82081688  p_x
   39   1   0   0       1.89325946  s
   39   2   1  -1       1.89593593  p_y
   39   2   1   0       1.84263665  p_z
   39   2   1   1       1.69937828  p_x
   40   1   0   0       1.89499595  s
   40   2   1  -1       1.84496139  p_y
   40   2   1   0       1.68448192  p_z
   40   2   1   1       1.93003510  p_x
   41   1   0   0       1.89996421  s
   41   2   1  -1       1.95223089  p_y
   41   2   1   0       1.65775351  p_z
   41   2   1   1       1.91543206  p_x
   42   1   0   0       1.89627682  s
   42   2   1  -1       1.91147654  p_y
   42   2   1   0       1.85532830  p_z
   42   2   1   1       1.74137225  p_x
   43   1   0   0       1.89506857  s
   43   2   1  -1       1.65813970  p_y
   43   2   1   0       1.91892474  p_z
   43   2   1   1       1.92642483  p_x
   44   1   0   0       1.89274500  s
   44   2   1  -1       1.91186418  p_y
   44   2   1   0       1.64568529  p_z
   44   2   1   1       1.82797791  p_x
   45   1   0   0       1.89269525  s
   45   2   1  -1       1.79784172  p_y
   45   2   1   0       1.78998847  p_z
   45   2   1   1       1.80420326  p_x
   46   1   0   0       1.89492318  s
   46   2   1  -1       1.92166489  p_y
   46   2   1   0       1.62361602  p_z
   46   2   1   1       1.90699163  p_x
   47   1   0   0       1.89364571  s
   47   2   1  -1       1.87628036  p_y
   47   2   1   0       1.94095377  p_z
   47   2   1   1       1.63135607  p_x
   48   1   0   0       1.89499560  s
   48   2   1  -1       1.74950481  p_y
   48   2   1   0       1.80446995  p_z
   48   2   1   1       1.90550811  p_x
   49   1   0   0       1.89326148  s
   49   2   1  -1       1.83597859  p_y
   49   2   1   0       1.74310238  p_z
   49   2   1   1       1.85887935  p_x
   50   1   0   0       1.89996895  s
   50   2   1  -1       1.85463008  p_y
   50   2   1   0       1.90183650  p_z
   50   2   1   1       1.76895395  p_x
   51   1   0   0       1.89628403  s
   51   2   1  -1       1.85447022  p_y
   51   2   1   0       1.78342084  p_z
   51   2   1   1       1.87027963  p_x
   52   1   0   0       1.89507817  s
   52   2   1  -1       1.74750806  p_y
   52   2   1   0       1.86821104  p_z
   52   2   1   1       1.88776247  p_x
   53   1   0   0       1.89268408  s
   53   2   1  -1       1.58932765  p_y
   53   2   1   0       1.88182238  p_z
   53   2   1   1       1.92088661  p_x
   54   1   0   0       1.89326066  s
   54   2   1  -1       1.89829482  p_y
   54   2   1   0       1.59570373  p_z
   54   2   1   1       1.94395840  p_x
   55   1   0   0       1.89499588  s
   55   2   1  -1       1.89403875  p_y
   55   2   1   0       1.93180413  p_z
   55   2   1   1       1.63364130  p_x
   56   1   0   0       1.89492510  s
   56   2   1  -1       1.92885018  p_y
   56   2   1   0       1.68442953  p_z
   56   2   1   1       1.83899878  p_x
   57   1   0   0       1.89364598  s
   57   2   1  -1       1.79462830  p_y
   57   2   1   0       1.81909066  p_z
   57   2   1   1       1.83487413  p_x
   58   1   0   0       1.89508157  s
   58   2   1  -1       1.93378802  p_y
   58   2   1   0       1.93525657  p_z
   58   2   1   1       1.63443015  p_x
   59   1   0   0       1.89998305  s
   59   2   1  -1       1.77784360  p_y
   59   2   1   0       1.88672994  p_z
   59   2   1   1       1.86084331  p_x
   60   1   0   0       1.89629050  s
   60   2   1  -1       1.93115155  p_y
   60   2   1   0       1.61730202  p_z
   60   2   1   1       1.95970786  p_x
   61   1   0   0       1.89273858  s
   61   2   1  -1       1.91700199  p_y
   61   2   1   0       1.62177263  p_z
   61   2   1   1       1.84675278  p_x
   62   1   0   0       1.89274221  s
   62   2   1  -1       1.92225431  p_y
   62   2   1   0       1.63028776  p_z
   62   2   1   1       1.83298691  p_x
 
Fermi level:                        -0.1896495976 H           -5.1606 eV
Band energy:                      -188.0547252526 H        -5117.2294 eV
TS:                                  0.0000000000 H            0.0000 eV
Band free energy (E-TS):          -188.0547252526 H        -5117.2294 eV
Extrapolated E(0K):               -188.0547252526 H        -5117.2294 eV
Input / Output electrons (q):    356.0000000000    356.0000000000
 
Energy H0:                        -193.6306348935 H        -5268.9577 eV
Energy SCC:                          0.6028122633 H           16.4034 eV
Total Electronic energy:          -193.0278226302 H        -5252.5543 eV
Repulsive energy:                    0.2012090703 H            5.4752 eV
Dispersion energy:                   0.3301037662 H            8.9826 eV
Total energy:                     -192.4965097938 H        -5238.0965 eV
Extrapolated to 0:                -192.4965097938 H        -5238.0965 eV
Total Mermin free energy:         -192.4965097938 H        -5238.0965 eV
Force related energy:             -192.4965097938 H        -5238.0965 eV
 
SCC converged
 
Full geometry written in geo_end.{xyz|gen}
 
Dipole moment:    0.95887648    0.02766526    1.79542284 au
Dipole moment:    2.43722111    0.07031807    4.56351004 Debye
 
Geometry converged
 
