SLURM_JOBID=933429
SLURM_JOB_NODELIST=cpn-f11-04
SLURM_NNODES=1
SLURMTMPDIR=/scratch/933429
working directory=/gpfs/scratch/brendan/Project_NBRA-BL-NA-MD_SiNCs/normal_modes/F19/0p8nm/geom_opt
NPROCS=12

The following have been reloaded with a version change:
  1) intel/18.3 => intel/16.0


The following have been reloaded with a version change:
  1) intel-mpi/2018.3 => intel-mpi/5.1.1


The following have been reloaded with a version change:
  1) mkl/2018.3 => mkl/11.3

 The Intel 18.3 compilers are in your path. This is adequate for compiling and
running most codes. Source compilervars.sh for more features including the
debugger. 
 Intel-MPI is in your path. This is adequate for compiling and running most
codes. Source the
/util/academic/intel/18.3/compilers_and_libraries_2018.3.222/linux/mpi/intel64/bin/mpivars.sh
file for more features. 
 The MKL Libraries are in your library path. This is adequate for compiling and
running most codes. Source $MKL/bin/mklvars.sh" for more features. 

The following have been reloaded with a version change:
  1) intel-mpi/5.1.1 => intel-mpi/2018.3     3) mkl/11.3 => mkl/2018.3
  2) intel/16.0 => intel/18.3

