 Fermi distribution function
 
Difference derivative step: 371
 

********************************************************************************
 iSCC Total electronic   Diff electronic      SCC error    
    2   -0.45618096E+02   -0.87538865E-11    0.94730997E-05
********************************************************************************
 
 Total charge:    -0.00000000

 Atomic gross charges (e)
 Atom           Charge
    1       0.16680185
    2       0.16679852
    3       0.16679837
    4      -0.01832307
    5       0.02471779
    6       0.02471554
    7       0.02471574
    8      -0.09264819
    9       0.04404190
   10       0.17085975
   11       0.17086521
   12       0.26602671
   13       0.05166013
   14      -0.07385485
   15       0.04405133
   16       0.17086040
   17       0.17086814
   18       0.26604363
   19       0.04404732
   20       0.17086719
   21       0.17085973
   22       0.26603014
   23       0.05165941
   24      -0.07385863
   25       0.05165853
   26      -0.07385519
   27      -0.06583482
   28      -0.06583162
   29      -0.06583318
   30      -0.06583351
   31      -0.06583339
   32      -0.06583306
   33      -0.05392504
   34      -0.05392569
   35      -0.05392528
   36      -0.05669009
   37      -0.06781221
   38      -0.06087495
   39      -0.06087781
   40      -0.06780922
   41      -0.07587627
   42      -0.08035426
   43      -0.07590717
   44      -0.05235218
   45      -0.05668947
   46      -0.06087240
   47      -0.06780835
   48      -0.06780641
   49      -0.06087139
   50      -0.07589052
   51      -0.08036024
   52      -0.07588609
   53      -0.05668958
   54      -0.06087704
   55      -0.06780558
   56      -0.06087498
   57      -0.06781350
   58      -0.07587822
   59      -0.07590573
   60      -0.08035384
   61      -0.05235353
   62      -0.05234082
 
Nr. of electrons (up):    140.00000000
Atom populations (up)
 Atom       Population
    1       3.83319815
    2       3.83320148
    3       3.83320163
    4       4.01832307
    5       3.97528221
    6       3.97528446
    7       3.97528426
    8       4.09264819
    9       3.95595810
   10       3.82914025
   11       3.82913479
   12       3.73397329
   13       3.94833987
   14       4.07385485
   15       3.95594867
   16       3.82913960
   17       3.82913186
   18       3.73395637
   19       3.95595268
   20       3.82913281
   21       3.82914027
   22       3.73396986
   23       3.94834059
   24       4.07385863
   25       3.94834147
   26       4.07385519
   27       1.06583482
   28       1.06583162
   29       1.06583318
   30       1.06583351
   31       1.06583339
   32       1.06583306
   33       1.05392504
   34       1.05392569
   35       1.05392528
   36       1.05669009
   37       1.06781221
   38       1.06087495
   39       1.06087781
   40       1.06780922
   41       1.07587627
   42       1.08035426
   43       1.07590717
   44       1.05235218
   45       1.05668947
   46       1.06087240
   47       1.06780835
   48       1.06780641
   49       1.06087139
   50       1.07589052
   51       1.08036024
   52       1.07588609
   53       1.05668958
   54       1.06087704
   55       1.06780558
   56       1.06087498
   57       1.06781350
   58       1.07587822
   59       1.07590573
   60       1.08035384
   61       1.05235353
   62       1.05234082
 
l-shell populations (up)
 Atom Sh.   l       Population
    1   1   0       1.41831243
    1   2   1       2.41488573
    1   3   2       0.00000000
    2   1   0       1.41831351
    2   2   1       2.41488797
    2   3   2       0.00000000
    3   1   0       1.41831423
    3   2   1       2.41488739
    3   3   2       0.00000000
    4   1   0       1.54979672
    4   2   1       2.46852635
    4   3   2       0.00000000
    5   1   0       1.46833148
    5   2   1       2.50695073
    5   3   2       0.00000000
    6   1   0       1.46833184
    6   2   1       2.50695262
    6   3   2       0.00000000
    7   1   0       1.46833231
    7   2   1       2.50695195
    7   3   2       0.00000000
    8   1   0       1.52927976
    8   2   1       2.56336843
    8   3   2       0.00000000
    9   1   0       1.47713526
    9   2   1       2.47882284
    9   3   2       0.00000000
   10   1   0       1.42293789
   10   2   1       2.40620236
   10   3   2       0.00000000
   11   1   0       1.42293737
   11   2   1       2.40619742
   11   3   2       0.00000000
   12   1   0       1.37974195
   12   2   1       2.35423134
   12   3   2       0.00000000
   13   1   0       1.46817125
   13   2   1       2.48016862
   13   3   2       0.00000000
   14   1   0       1.53517227
   14   2   1       2.53868258
   14   3   2       0.00000000
   15   1   0       1.47713457
   15   2   1       2.47881410
   15   3   2       0.00000000
   16   1   0       1.42293845
   16   2   1       2.40620116
   16   3   2       0.00000000
   17   1   0       1.42293812
   17   2   1       2.40619374
   17   3   2       0.00000000
   18   1   0       1.37973717
   18   2   1       2.35421920
   18   3   2       0.00000000
   19   1   0       1.47713483
   19   2   1       2.47881785
   19   3   2       0.00000000
   20   1   0       1.42293774
   20   2   1       2.40619506
   20   3   2       0.00000000
   21   1   0       1.42293751
   21   2   1       2.40620276
   21   3   2       0.00000000
   22   1   0       1.37974087
   22   2   1       2.35422899
   22   3   2       0.00000000
   23   1   0       1.46816975
   23   2   1       2.48017084
   23   3   2       0.00000000
   24   1   0       1.53517167
   24   2   1       2.53868697
   24   3   2       0.00000000
   25   1   0       1.46816104
   25   2   1       2.48018043
   25   3   2       0.00000000
   26   1   0       1.53517145
   26   2   1       2.53868374
   26   3   2       0.00000000
   27   1   0       1.06583482
   28   1   0       1.06583162
   29   1   0       1.06583318
   30   1   0       1.06583351
   31   1   0       1.06583339
   32   1   0       1.06583306
   33   1   0       1.05392504
   34   1   0       1.05392569
   35   1   0       1.05392528
   36   1   0       1.05669009
   37   1   0       1.06781221
   38   1   0       1.06087495
   39   1   0       1.06087781
   40   1   0       1.06780922
   41   1   0       1.07587627
   42   1   0       1.08035426
   43   1   0       1.07590717
   44   1   0       1.05235218
   45   1   0       1.05668947
   46   1   0       1.06087240
   47   1   0       1.06780835
   48   1   0       1.06780641
   49   1   0       1.06087139
   50   1   0       1.07589052
   51   1   0       1.08036024
   52   1   0       1.07588609
   53   1   0       1.05668958
   54   1   0       1.06087704
   55   1   0       1.06780558
   56   1   0       1.06087498
   57   1   0       1.06781350
   58   1   0       1.07587822
   59   1   0       1.07590573
   60   1   0       1.08035384
   61   1   0       1.05235353
   62   1   0       1.05234082
 
Orbital populations (up)
 Atom Sh.   l   m       Population  Label
    1   1   0   0       1.41831243  s
    1   2   1  -1       0.79274239  p_y
    1   2   1   0       0.82311876  p_z
    1   2   1   1       0.79902458  p_x
    1   3   2  -2       0.00000000  d_xy
    1   3   2  -1       0.00000000  d_yz
    1   3   2   0       0.00000000  d_z2
    1   3   2   1       0.00000000  d_xz
    1   3   2   2       0.00000000  d_x2-y2
    2   1   0   0       1.41831351  s
    2   2   1  -1       0.80832479  p_y
    2   2   1   0       0.81475357  p_z
    2   2   1   1       0.79180960  p_x
    2   3   2  -2       0.00000000  d_xy
    2   3   2  -1       0.00000000  d_yz
    2   3   2   0       0.00000000  d_z2
    2   3   2   1       0.00000000  d_xz
    2   3   2   2       0.00000000  d_x2-y2
    3   1   0   0       1.41831423  s
    3   2   1  -1       0.78800725  p_y
    3   2   1   0       0.81140444  p_z
    3   2   1   1       0.81547570  p_x
    3   3   2  -2       0.00000000  d_xy
    3   3   2  -1       0.00000000  d_yz
    3   3   2   0       0.00000000  d_z2
    3   3   2   1       0.00000000  d_xz
    3   3   2   2       0.00000000  d_x2-y2
    4   1   0   0       1.54979672  s
    4   2   1  -1       0.82736586  p_y
    4   2   1   0       0.81681697  p_z
    4   2   1   1       0.82434352  p_x
    4   3   2  -2       0.00000000  d_xy
    4   3   2  -1       0.00000000  d_yz
    4   3   2   0       0.00000000  d_z2
    4   3   2   1       0.00000000  d_xz
    4   3   2   2       0.00000000  d_x2-y2
    5   1   0   0       1.46833148  s
    5   2   1  -1       0.83277472  p_y
    5   2   1   0       0.83465502  p_z
    5   2   1   1       0.83952099  p_x
    5   3   2  -2       0.00000000  d_xy
    5   3   2  -1       0.00000000  d_yz
    5   3   2   0       0.00000000  d_z2
    5   3   2   1       0.00000000  d_xz
    5   3   2   2       0.00000000  d_x2-y2
    6   1   0   0       1.46833184  s
    6   2   1  -1       0.81441414  p_y
    6   2   1   0       0.84669050  p_z
    6   2   1   1       0.84584798  p_x
    6   3   2  -2       0.00000000  d_xy
    6   3   2  -1       0.00000000  d_yz
    6   3   2   0       0.00000000  d_z2
    6   3   2   1       0.00000000  d_xz
    6   3   2   2       0.00000000  d_x2-y2
    7   1   0   0       1.46833231  s
    7   2   1  -1       0.83842093  p_y
    7   2   1   0       0.85404050  p_z
    7   2   1   1       0.81449052  p_x
    7   3   2  -2       0.00000000  d_xy
    7   3   2  -1       0.00000000  d_yz
    7   3   2   0       0.00000000  d_z2
    7   3   2   1       0.00000000  d_xz
    7   3   2   2       0.00000000  d_x2-y2
    8   1   0   0       1.52927976  s
    8   2   1  -1       0.87744816  p_y
    8   2   1   0       0.82383031  p_z
    8   2   1   1       0.86208996  p_x
    8   3   2  -2       0.00000000  d_xy
    8   3   2  -1       0.00000000  d_yz
    8   3   2   0       0.00000000  d_z2
    8   3   2   1       0.00000000  d_xz
    8   3   2   2       0.00000000  d_x2-y2
    9   1   0   0       1.47713526  s
    9   2   1  -1       0.83275153  p_y
    9   2   1   0       0.83116398  p_z
    9   2   1   1       0.81490733  p_x
    9   3   2  -2       0.00000000  d_xy
    9   3   2  -1       0.00000000  d_yz
    9   3   2   0       0.00000000  d_z2
    9   3   2   1       0.00000000  d_xz
    9   3   2   2       0.00000000  d_x2-y2
   10   1   0   0       1.42293789  s
   10   2   1  -1       0.80298794  p_y
   10   2   1   0       0.79158536  p_z
   10   2   1   1       0.81162906  p_x
   10   3   2  -2       0.00000000  d_xy
   10   3   2  -1       0.00000000  d_yz
   10   3   2   0       0.00000000  d_z2
   10   3   2   1       0.00000000  d_xz
   10   3   2   2       0.00000000  d_x2-y2
   11   1   0   0       1.42293737  s
   11   2   1  -1       0.80402039  p_y
   11   2   1   0       0.78804743  p_z
   11   2   1   1       0.81412960  p_x
   11   3   2  -2       0.00000000  d_xy
   11   3   2  -1       0.00000000  d_yz
   11   3   2   0       0.00000000  d_z2
   11   3   2   1       0.00000000  d_xz
   11   3   2   2       0.00000000  d_x2-y2
   12   1   0   0       1.37974195  s
   12   2   1  -1       0.78019819  p_y
   12   2   1   0       0.77584934  p_z
   12   2   1   1       0.79818381  p_x
   12   3   2  -2       0.00000000  d_xy
   12   3   2  -1       0.00000000  d_yz
   12   3   2   0       0.00000000  d_z2
   12   3   2   1       0.00000000  d_xz
   12   3   2   2       0.00000000  d_x2-y2
   13   1   0   0       1.46817125  s
   13   2   1  -1       0.83602841  p_y
   13   2   1   0       0.80930599  p_z
   13   2   1   1       0.83483422  p_x
   13   3   2  -2       0.00000000  d_xy
   13   3   2  -1       0.00000000  d_yz
   13   3   2   0       0.00000000  d_z2
   13   3   2   1       0.00000000  d_xz
   13   3   2   2       0.00000000  d_x2-y2
   14   1   0   0       1.53517227  s
   14   2   1  -1       0.84874412  p_y
   14   2   1   0       0.85962181  p_z
   14   2   1   1       0.83031665  p_x
   14   3   2  -2       0.00000000  d_xy
   14   3   2  -1       0.00000000  d_yz
   14   3   2   0       0.00000000  d_z2
   14   3   2   1       0.00000000  d_xz
   14   3   2   2       0.00000000  d_x2-y2
   15   1   0   0       1.47713457  s
   15   2   1  -1       0.82882395  p_y
   15   2   1   0       0.82118322  p_z
   15   2   1   1       0.82880694  p_x
   15   3   2  -2       0.00000000  d_xy
   15   3   2  -1       0.00000000  d_yz
   15   3   2   0       0.00000000  d_z2
   15   3   2   1       0.00000000  d_xz
   15   3   2   2       0.00000000  d_x2-y2
   16   1   0   0       1.42293845  s
   16   2   1  -1       0.80678244  p_y
   16   2   1   0       0.80168637  p_z
   16   2   1   1       0.79773234  p_x
   16   3   2  -2       0.00000000  d_xy
   16   3   2  -1       0.00000000  d_yz
   16   3   2   0       0.00000000  d_z2
   16   3   2   1       0.00000000  d_xz
   16   3   2   2       0.00000000  d_x2-y2
   17   1   0   0       1.42293812  s
   17   2   1  -1       0.80533384  p_y
   17   2   1   0       0.79680355  p_z
   17   2   1   1       0.80405635  p_x
   17   3   2  -2       0.00000000  d_xy
   17   3   2  -1       0.00000000  d_yz
   17   3   2   0       0.00000000  d_z2
   17   3   2   1       0.00000000  d_xz
   17   3   2   2       0.00000000  d_x2-y2
   18   1   0   0       1.37973717  s
   18   2   1  -1       0.78340697  p_y
   18   2   1   0       0.79147706  p_z
   18   2   1   1       0.77933517  p_x
   18   3   2  -2       0.00000000  d_xy
   18   3   2  -1       0.00000000  d_yz
   18   3   2   0       0.00000000  d_z2
   18   3   2   1       0.00000000  d_xz
   18   3   2   2       0.00000000  d_x2-y2
   19   1   0   0       1.47713483  s
   19   2   1  -1       0.81593215  p_y
   19   2   1   0       0.82821842  p_z
   19   2   1   1       0.83466728  p_x
   19   3   2  -2       0.00000000  d_xy
   19   3   2  -1       0.00000000  d_yz
   19   3   2   0       0.00000000  d_z2
   19   3   2   1       0.00000000  d_xz
   19   3   2   2       0.00000000  d_x2-y2
   20   1   0   0       1.42293774  s
   20   2   1  -1       0.81454308  p_y
   20   2   1   0       0.79776212  p_z
   20   2   1   1       0.79388987  p_x
   20   3   2  -2       0.00000000  d_xy
   20   3   2  -1       0.00000000  d_yz
   20   3   2   0       0.00000000  d_z2
   20   3   2   1       0.00000000  d_xz
   20   3   2   2       0.00000000  d_x2-y2
   21   1   0   0       1.42293751  s
   21   2   1  -1       0.81413665  p_y
   21   2   1   0       0.78934440  p_z
   21   2   1   1       0.80272172  p_x
   21   3   2  -2       0.00000000  d_xy
   21   3   2  -1       0.00000000  d_yz
   21   3   2   0       0.00000000  d_z2
   21   3   2   1       0.00000000  d_xz
   21   3   2   2       0.00000000  d_x2-y2
   22   1   0   0       1.37974087  s
   22   2   1  -1       0.79361311  p_y
   22   2   1   0       0.78290515  p_z
   22   2   1   1       0.77771073  p_x
   22   3   2  -2       0.00000000  d_xy
   22   3   2  -1       0.00000000  d_yz
   22   3   2   0       0.00000000  d_z2
   22   3   2   1       0.00000000  d_xz
   22   3   2   2       0.00000000  d_x2-y2
   23   1   0   0       1.46816975  s
   23   2   1  -1       0.83639745  p_y
   23   2   1   0       0.81745029  p_z
   23   2   1   1       0.82632310  p_x
   23   3   2  -2       0.00000000  d_xy
   23   3   2  -1       0.00000000  d_yz
   23   3   2   0       0.00000000  d_z2
   23   3   2   1       0.00000000  d_xz
   23   3   2   2       0.00000000  d_x2-y2
   24   1   0   0       1.53517167  s
   24   2   1  -1       0.84542972  p_y
   24   2   1   0       0.84098015  p_z
   24   2   1   1       0.85227710  p_x
   24   3   2  -2       0.00000000  d_xy
   24   3   2  -1       0.00000000  d_yz
   24   3   2   0       0.00000000  d_z2
   24   3   2   1       0.00000000  d_xz
   24   3   2   2       0.00000000  d_x2-y2
   25   1   0   0       1.46816104  s
   25   2   1  -1       0.83728356  p_y
   25   2   1   0       0.81406840  p_z
   25   2   1   1       0.82882846  p_x
   25   3   2  -2       0.00000000  d_xy
   25   3   2  -1       0.00000000  d_yz
   25   3   2   0       0.00000000  d_z2
   25   3   2   1       0.00000000  d_xz
   25   3   2   2       0.00000000  d_x2-y2
   26   1   0   0       1.53517145  s
   26   2   1  -1       0.83496209  p_y
   26   2   1   0       0.85080481  p_z
   26   2   1   1       0.85291684  p_x
   26   3   2  -2       0.00000000  d_xy
   26   3   2  -1       0.00000000  d_yz
   26   3   2   0       0.00000000  d_z2
   26   3   2   1       0.00000000  d_xz
   26   3   2   2       0.00000000  d_x2-y2
   27   1   0   0       1.06583482  s
   28   1   0   0       1.06583162  s
   29   1   0   0       1.06583318  s
   30   1   0   0       1.06583351  s
   31   1   0   0       1.06583339  s
   32   1   0   0       1.06583306  s
   33   1   0   0       1.05392504  s
   34   1   0   0       1.05392569  s
   35   1   0   0       1.05392528  s
   36   1   0   0       1.05669009  s
   37   1   0   0       1.06781221  s
   38   1   0   0       1.06087495  s
   39   1   0   0       1.06087781  s
   40   1   0   0       1.06780922  s
   41   1   0   0       1.07587627  s
   42   1   0   0       1.08035426  s
   43   1   0   0       1.07590717  s
   44   1   0   0       1.05235218  s
   45   1   0   0       1.05668947  s
   46   1   0   0       1.06087240  s
   47   1   0   0       1.06780835  s
   48   1   0   0       1.06780641  s
   49   1   0   0       1.06087139  s
   50   1   0   0       1.07589052  s
   51   1   0   0       1.08036024  s
   52   1   0   0       1.07588609  s
   53   1   0   0       1.05668958  s
   54   1   0   0       1.06087704  s
   55   1   0   0       1.06780558  s
   56   1   0   0       1.06087498  s
   57   1   0   0       1.06781350  s
   58   1   0   0       1.07587822  s
   59   1   0   0       1.07590573  s
   60   1   0   0       1.08035384  s
   61   1   0   0       1.05235353  s
   62   1   0   0       1.05234082  s
 
Fermi level:                        -0.1544054212 H           -4.2016 eV
Band energy:                       -47.2446603657 H        -1285.5926 eV
TS:                                  0.0000000000 H            0.0000 eV
Band free energy (E-TS):           -47.2446603657 H        -1285.5926 eV
Extrapolated E(0K):                -47.2446603657 H        -1285.5926 eV
Input / Output electrons (q):    140.0000000000    140.0000000000
 
Energy H0:                         -45.6311174790 H        -1241.6859 eV
Energy SCC:                          0.0130218129 H            0.3543 eV
Total Electronic energy:           -45.6180956661 H        -1241.3315 eV
Repulsive energy:                    0.0515955783 H            1.4040 eV
Dispersion energy:                   0.3187476625 H            8.6736 eV
Total energy:                      -45.2477524253 H        -1231.2540 eV
Extrapolated to 0:                 -45.2477524253 H        -1231.2540 eV
Total Mermin free energy:          -45.2477524253 H        -1231.2540 eV
Force related energy:              -45.2477524253 H        -1231.2540 eV
 
SCC converged
 
Dipole moment:    0.09017169    0.00258878    0.16853051 au
Dipole moment:    0.22919359    0.00658002    0.42836187 Debye
 
Second derivatives completed
 
